=== recovering N=30 V=6 mode=base seed=2 ===
Gym has been unmaintained since 2022 and does not support NumPy 2.0 amongst other critical functionality.
Please upgrade to Gymnasium, the maintained drop-in replacement of Gym, or contact the authors of your software and request that they upgrade.
Users of this version of Gym should be able to simply replace 'import gym' with 'import gymnasium as gym' in the vast majority of cases.
See the migration guide at https://gymnasium.farama.org/introduction/migration_guide/ for additional information.
iteration 1
30.160135973627415
33.97348851218786
35.793670758495985
33.594686206648596
28.75899514213479
25.164260391640692
23.99843772387598
28.836060059221566
36.00932499064045
38.23408504423412
38.31039523902083
38.573072603665906
38.18850154548666
38.40336321255462
38.29841181370124
38.45097664931093
38.297542461520905
38.27320059072993
38.121703567761735
38.39072455461021
38.3707651522003
38.296731729779
38.60949199606922
38.62458751674118
38.777515454326426
38.65247538040464
38.527179956716516
38.731495993106286
38.83848763159257
38.46471973803259
38.775291024267695
38.73315681751362
38.832204536022594
38.55579754949574
38.805587591661286
39.25266223210607
38.807068814618354
39.37796763338293
39.3100708781624
39.00056243467109
39.24395054920064
39.48341168934411
39.29887851888064
39.2375692228144
39.09832917953568
39.00647029349176
39.29794071491456
39.22296980873592
39.07753862833159
38.83324553930245
39.18565714514114
39.04312792397249
39.27209182581456
39.14230189023487
39.00167861238249
39.14666175592548
39.21648570803035
38.943506946849624
39.09737419081598
38.94200510386893
39.121341035756316
39.05471924102131
39.17136562963262
39.017573585161124
39.07627559812514
39.28874742563894
39.37068637677517
39.04823142363421
39.452002126608804
39.19919464051267
39.18429513309131
39.26070296961895
39.39484884834459
39.25190210183578
39.115146126769375
39.13591084297091
39.269155146578875
39.23604690336311
39.09940335333804
39.22708242030533
39.343642108284534
39.2649307444922
39.26441997230225
39.09083157626528
39.04380390173791
39.214158051027546
39.29840606514793
38.99740442510017
39.263157139606406
39.14591773606576
39.31688596890263
39.148503477502885
39.18811739081012
39.129409811581525
38.99853828188562
39.418594856704274
39.420764499630884
39.283389522081755
38.86126992108966
39.26215912692878
39.116303433856984
39.29903469361762
39.393332303679365
38.96377145776626
39.30743146792737
39.334906077059365
39.42785962313026
39.52068988708781
39.031473865815805
39.086909514277366
=== done: recovering N=30 V=6 mode=base seed=2 ===
