=== recovering N=20 V=5 mode=base seed=3 ===
Gym has been unmaintained since 2022 and does not support NumPy 2.0 amongst other critical functionality.
Please upgrade to Gymnasium, the maintained drop-in replacement of Gym, or contact the authors of your software and request that they upgrade.
Users of this version of Gym should be able to simply replace 'import gym' with 'import gymnasium as gym' in the vast majority of cases.
See the migration guide at https://gymnasium.farama.org/introduction/migration_guide/ for additional information.
iteration 1
21.746834262811113
25.258860387128188
25.70272056455893
23.841327842836463
21.91193967684114
20.709023376808094
27.62162043387977
29.88417737604178
29.841969208285455
30.123695535159847
30.405593306505043
30.22453837140189
30.126744244976503
30.410512668850533
30.256395029660816
30.317768677954312
30.371310547493213
30.463565222267654
30.481313382040284
30.214749497998255
30.476847612994177
30.34113185009039
30.367063388297154
30.38362583407813
30.53647730582889
29.948702184081572
30.45476761127827
30.37736001690682
30.572216418973397
30.551624185966816
30.43681946354207
30.289664369445816
30.352254399203094
30.55565751272323
30.51891356714409
30.456831889376414
30.57532565997143
30.26259890736895
30.483346847152347
30.285434758762623
30.423553653078784
30.46485074539185
30.49321223561966
30.481379859405784
30.580152890601195
30.22029390464982
30.490539450163205
30.39215427871648
30.491848330548205
30.38311172009929
30.401513519724066
30.40747616741302
30.487036940208423
30.34707954394652
30.547751388092905
30.426692682584935
30.62137816336487
30.582989463216258
30.42939044698664
30.52603259848721
30.383568782778994
30.51075885475806
30.562003835581933
30.590257340381157
30.64347301685266
30.61900437046789
30.402505338649895
30.54381974103761
30.62570465627955
30.51907012460998
30.505441968986545
30.29476208292534
30.500099589832384
30.294468987978767
30.459960821197274
30.4818828762589
30.411251087292552
30.575837379411134
30.40079034099041
30.584082230786745
30.286021481918077
30.600506991562693
30.579663338678543
30.367359879753213
30.602480727936225
30.278862285423667
30.633088456091592
30.36977599310446
30.531888116234803
30.56896008429133
30.397020223348168
30.357845312112072
30.476398118601733
30.30317281817474
30.41783778269543
30.55983486590887
30.472925109827507
30.421130757472174
30.479173506605754
30.370189995919862
30.366973931636068
30.586579177322484
30.510561308945384
30.573781510276802
30.64661540380378
30.57764696544818
30.437142447046245
30.468615262683002
30.346911663648566
30.381446362959924
=== done: recovering N=20 V=5 mode=base seed=3 ===
