=== recovering N=30 V=6 mode=aug seed=1 ===
Gym has been unmaintained since 2022 and does not support NumPy 2.0 amongst other critical functionality.
Please upgrade to Gymnasium, the maintained drop-in replacement of Gym, or contact the authors of your software and request that they upgrade.
Users of this version of Gym should be able to simply replace 'import gym' with 'import gymnasium as gym' in the vast majority of cases.
See the migration guide at https://gymnasium.farama.org/introduction/migration_guide/ for additional information.
[C1] joint-summary actor parameter count (per arm): 29697
iteration 1
36.741435797570595
38.249952070984264
37.94364133822249
37.09452601173386
35.01421990094734
32.450923901135326
33.10980360014871
37.355885737003774
38.38034396355586
38.48539844657985
38.42034075126327
38.271816195041204
38.47229477383185
38.44303182849974
38.49148226593697
38.53987448707956
38.320653473112166
38.29906157611014
38.49418664294279
38.49707795304348
38.397856034250026
38.85547054783081
38.795665732612605
38.69839565911664
39.003943093614836
38.71217302585308
38.53082560179622
39.01296234778109
38.90254553359824
38.76858941709524
38.89552596904871
38.82033899921943
38.84096044577083
39.09841510104567
38.58616855115379
39.12493244511608
39.121985632600975
39.212530013263205
38.93665072259533
39.32865468730845
39.23895966885552
39.001471406593076
39.045772254560426
39.178098036265915
39.05120373966597
39.2054290735456
39.40172559435298
39.29785763459961
39.209724678215736
39.213351699077805
39.255082043826
39.25579955372319
38.89033612711721
39.079776737664226
39.065260783649435
39.37589758957695
39.20740722032893
39.3349213539749
39.25585283665249
39.10268928217433
39.21892658249823
39.413729850824886
39.30039035656775
39.13615555717722
38.81205740853942
39.303153762759756
39.32189810078779
39.342700656803125
39.06697215697334
39.5172717482652
38.963356969452185
39.105256663205154
39.04386185096653
39.33104270698176
39.44696088798027
39.456308675639036
39.35297603999072
39.2186475616031
39.11297097269994
38.96602497430676
39.352622887919985
39.33453820023707
39.45792144733493
39.38248307364598
39.298118652563325
39.11288967879586
39.316654908926324
39.189910009269255
39.336181600977746
39.09155824544808
39.19424719641594
39.37729861519385
39.50779610231379
39.26522216868877
39.303020662614024
39.50136788181621
39.468838058383405
39.253643704577144
39.15080231320249
39.470740567632646
39.1784343702422
39.121896224093504
38.980912640099135
39.285748694987404
38.910831314369496
39.22241081311083
39.28385821022566
38.97020117751479
39.223599479234814
39.155238366943166
=== done: recovering N=30 V=6 mode=aug seed=1 ===
