=== recovering N=10 V=3 mode=base seed=3 ===
Gym has been unmaintained since 2022 and does not support NumPy 2.0 amongst other critical functionality.
Please upgrade to Gymnasium, the maintained drop-in replacement of Gym, or contact the authors of your software and request that they upgrade.
Users of this version of Gym should be able to simply replace 'import gym' with 'import gymnasium as gym' in the vast majority of cases.
See the migration guide at https://gymnasium.farama.org/introduction/migration_guide/ for additional information.
iteration 1
11.646835781092687
14.013525013406733
14.161733254693743
13.018289891310328
12.515261527088477
14.772871074554335
16.422155044236106
16.83934561760912
16.84162110551741
16.752339924328112
16.905668042336163
16.858621958690993
16.800016562468034
16.989889479440954
16.814266647239172
16.9456868793616
16.9684751691646
16.90312899858116
17.023584667634
17.01424777776253
17.037028316507875
17.0700604893462
16.988476739378992
16.977093054965575
17.062692256908413
17.121646931239844
17.070679379391553
17.04714019688705
17.03937123629273
17.008713852022293
17.03313523312633
17.060226233995046
17.11425917653157
17.037329887468356
17.139848897737505
17.068444730752887
17.125414830887806
17.135411028950116
17.13106005857591
17.08854346499683
17.12625071449197
17.101905078076058
17.069456097609773
17.100968352483008
17.098570942741475
17.121974292842012
17.11899275289862
17.101280569476213
17.05552537319307
17.082518851191875
17.116609539547106
17.115458462828816
17.068124438315575
17.11590367294082
17.148745770241
17.175090193997097
17.099647202616598
17.115271527355052
17.095670540378705
17.009820481386356
17.058285764366236
17.073599536046128
17.083651003336254
17.05892496332665
17.101285772508742
17.0606857752957
17.048395390041495
17.16157414110376
17.066219429890342
17.016827472761115
16.92236369433992
17.005968971645633
17.102830951344178
16.998427554571652
17.034648848575586
17.016546834362174
16.942718643554766
17.14651667244265
17.104716727549775
17.026398779423847
17.022480173853136
17.010044627177553
17.111567056053183
17.091106920498106
17.01694292143773
17.106244352288414
17.071370948855648
17.105910428213416
17.140879828446863
17.013171049611252
17.183399057605836
17.103604919896778
17.102802417482625
17.049745981212446
17.163001955250333
17.010755559513402
17.093818044263834
16.971158751011213
17.174982114416267
17.105661581106048
17.125844463834113
17.053259284874798
17.120339400411897
17.094999888973415
17.098489287541152
17.123254180152987
17.10578064155996
17.14097663853773
17.043221001208284
17.01619216383739
=== done: recovering N=10 V=3 mode=base seed=3 ===
