=== recovering N=30 V=6 mode=base seed=1 ===
Gym has been unmaintained since 2022 and does not support NumPy 2.0 amongst other critical functionality.
Please upgrade to Gymnasium, the maintained drop-in replacement of Gym, or contact the authors of your software and request that they upgrade.
Users of this version of Gym should be able to simply replace 'import gym' with 'import gymnasium as gym' in the vast majority of cases.
See the migration guide at https://gymnasium.farama.org/introduction/migration_guide/ for additional information.
iteration 1
29.862952862532687
35.16954627416353
36.026898388389355
35.35325905868629
31.067621458571722
26.86407895085263
26.813357216684143
34.9615462623999
37.74506315176861
38.101165038292564
38.075531556215246
38.15491768922004
38.408876930389766
38.34330186744444
38.472735397422156
38.40480655081383
38.31440787328143
38.35784694524162
38.417406118651776
38.5394647160668
38.39290444404432
38.358985915280755
38.65166270111395
38.29262956324052
38.660040999094846
38.94913566712077
38.71253756382799
39.1053230000869
39.202593140777864
39.11559578290709
39.33016317524002
39.11632400143383
39.273164946440644
39.29816404224903
38.99029391359483
39.05498666303729
39.060459447453674
39.1851403194771
39.05866926656051
39.17259682113422
39.19774988310348
39.14410938427491
38.977078823931286
39.30371358874942
38.997601126595924
39.150786489886606
39.26297674759847
39.13312967780486
39.2128569856201
39.21759503715705
39.12696934720132
39.14608838488491
38.80725727631029
39.08687842213802
39.010498294276836
39.09096287091088
39.069596214697874
39.323671821413775
39.153463100170924
38.975996278561894
39.25402230612608
39.3119500554963
39.261199443009666
39.07881419564048
38.792573014468104
39.05616919624547
39.073283468506254
39.10383648327349
38.97028677935803
39.315360996036546
39.05522242329411
39.08835337771571
39.18311293256441
39.20018556831286
39.16022863619304
39.28420267055201
39.23711167035166
38.97798392022591
39.06180167218116
39.000863074853285
39.255400913931574
39.12283693491196
39.21847927059143
39.331555124239486
39.09921977700019
39.25225578054332
39.206362944547564
39.332452458885605
39.43672818873639
39.22225180796336
38.98153859212705
39.341533516802144
39.356161863823154
39.426459502953904
39.32118292631038
39.39973642060385
39.266770270938856
39.10838003348673
39.041240899976884
39.267719345400444
39.18151861457155
39.16303186723349
38.890679276353524
39.406749468545456
38.867310235029166
39.14900084479843
39.354314185377994
39.38696158699153
39.17202207676075
39.30057191573293
=== done: recovering N=30 V=6 mode=base seed=1 ===
