=== recovering N=30 V=6 mode=base seed=3 ===
Gym has been unmaintained since 2022 and does not support NumPy 2.0 amongst other critical functionality.
Please upgrade to Gymnasium, the maintained drop-in replacement of Gym, or contact the authors of your software and request that they upgrade.
Users of this version of Gym should be able to simply replace 'import gym' with 'import gymnasium as gym' in the vast majority of cases.
See the migration guide at https://gymnasium.farama.org/introduction/migration_guide/ for additional information.
iteration 1
30.208284476453795
32.51592624412199
33.72931243550111
32.16599150453536
28.4219573227969
23.478354688021632
23.737670031864862
30.341384507503577
37.53961577331742
37.90009373811878
38.24132348771251
38.59932519804479
38.46238152584691
38.126907802546135
38.33932153943721
38.48233230569989
38.24269030839728
38.3050715936627
38.29215282611681
38.08846171084357
38.38635402301204
38.37674555900232
38.54008575397476
38.42427325727263
38.45234461555097
38.69493253979428
38.97325294585225
38.8659810089523
38.67329653882288
38.821134829317934
39.10866126697801
39.29598169745452
39.27568560028776
39.09866196805188
39.23453241066924
39.3084356899891
39.09116780537062
39.13277540914778
39.135923427218906
39.20649122616134
39.043165176672176
39.0778438459982
39.159900938312745
39.26943022384639
39.12637369509266
39.27138176136937
38.86299562906149
39.30776552112013
39.08342259033963
38.999187837882495
39.15370530191504
39.13303976745615
39.254427390321155
39.251844121766396
39.33937321762329
39.08484558019105
39.25282384832399
39.30805063001854
39.17544830613261
39.354621492377056
39.13027124094937
39.17090078521047
39.17223105567629
39.19715973302028
39.437293700389795
39.50126867633874
39.311448956214655
39.240407333241016
39.048916547430196
39.28952880682749
39.206271619075444
39.04613448891685
39.41001550572752
39.23158539356192
39.415984962374225
39.54398881782367
39.1573042774078
39.14134552612117
39.46082663814909
39.39019257335699
39.29918549909609
39.02746817871876
38.915735171930635
39.18079860045527
39.13171386559331
39.28143047516313
39.44434099824328
39.30944932940894
39.210469315563536
38.83691310440606
39.27393240516965
38.87283540904367
38.88822173182626
39.46365722652158
39.33226557564596
39.31295665293407
39.293714554737065
39.056840239550574
39.233442294705
39.32935386696303
39.325150305815036
39.325701892824384
39.300704370010656
39.17460092094828
39.21494123381027
39.05146035312073
39.44803110521939
38.97297949245544
39.44953412976811
39.047537562207474
=== done: recovering N=30 V=6 mode=base seed=3 ===
