=== recovering N=30 V=6 mode=aug seed=2 ===
Gym has been unmaintained since 2022 and does not support NumPy 2.0 amongst other critical functionality.
Please upgrade to Gymnasium, the maintained drop-in replacement of Gym, or contact the authors of your software and request that they upgrade.
Users of this version of Gym should be able to simply replace 'import gym' with 'import gymnasium as gym' in the vast majority of cases.
See the migration guide at https://gymnasium.farama.org/introduction/migration_guide/ for additional information.
[C1] joint-summary actor parameter count (per arm): 29697
iteration 1
35.30145709382304
37.96185413936705
36.94333599253904
34.58018182002595
31.225884665787493
27.73589026145581
28.814616677717673
33.04758808132258
38.294617098022115
38.08406884017718
38.15334649740802
38.33661791169017
37.891779184219786
38.02224945148481
38.09363474831502
37.975235897802214
38.08569576425876
37.94441434476489
38.21362071205032
38.412718214651505
38.34792047884809
38.35749415484494
38.23774622364089
38.244953775999846
38.192180101352726
38.069800316899894
38.2044647223672
38.28244588386127
38.346777161007914
38.43735211414482
38.6735285827222
38.77297239482172
38.80211696151849
38.75441412549604
38.57523523658225
38.80050585819415
38.49992732370512
38.96336178682412
39.00857908976583
38.887728703908124
38.90064507606815
39.124938648952686
38.98161595737461
39.186516654504906
38.976838745203565
39.06903078630038
39.04771077770558
39.23789561239257
39.20580350075255
38.67265078432863
39.014474610189744
39.14827967136658
39.29943113896874
39.087460469585125
38.90261387768689
39.0229794160851
39.09015539959719
39.00185403066417
38.9433516039648
38.924684976968166
39.125291563633574
39.02785418925876
39.11741310697837
39.01628879142347
38.96984756987249
39.028908657156286
39.13514587999123
38.97231811269401
39.25052548257158
39.03585746084721
39.038730360383866
39.090340197765016
39.2190885476651
39.12792903089408
38.88295698058191
39.00901877789065
39.138551088152745
39.17402589512413
39.120641337710495
39.08740746911783
39.31446707486779
39.24627311552547
39.176276290784024
39.081910542467696
38.9699483607841
39.13854031185129
39.25182582596685
38.90678223575996
39.22889599796482
39.20747971465019
39.35964068053706
39.13299260898002
39.15367398465166
39.235470496348086
39.000211720378445
39.29627673770754
39.266353598995835
39.2263893314939
38.915427035375345
39.0806603949795
38.919802980346105
39.29117186997042
39.29322635861666
38.84280938985031
39.270946443293425
39.3054963241449
39.27165561781027
39.41879303946581
38.880914412793814
39.04740712437103
=== done: recovering N=30 V=6 mode=aug seed=2 ===
