=== recovering N=30 V=6 mode=aug seed=3 ===
Gym has been unmaintained since 2022 and does not support NumPy 2.0 amongst other critical functionality.
Please upgrade to Gymnasium, the maintained drop-in replacement of Gym, or contact the authors of your software and request that they upgrade.
Users of this version of Gym should be able to simply replace 'import gym' with 'import gymnasium as gym' in the vast majority of cases.
See the migration guide at https://gymnasium.farama.org/introduction/migration_guide/ for additional information.
[C1] joint-summary actor parameter count (per arm): 29697
iteration 1
36.34351177334218
38.24781175792958
37.85163248163945
36.69361566046878
33.08849448818246
29.085124163026958
30.549440398158136
35.032585529177155
37.90840223949993
38.04739310635128
38.056110300021174
38.24730450281068
38.02904662079632
37.817222291995904
37.54989763928272
37.90052151884297
37.70263421645229
38.07472935290524
38.1381236270439
37.83263953355809
38.21332941845645
38.19852672987845
38.45605000056611
38.37639305281351
38.26633558353481
38.64251891801711
38.54079389027109
38.681586141966
38.6805775279556
38.69026164453273
38.74066242733502
38.95306189838775
39.00211968257545
38.853224361524376
38.81763865707621
38.99183529575698
38.65380377498586
39.235872021973634
39.17047802875342
39.10590488316623
39.26487039089116
39.0589541723529
39.30869191700597
39.37404625323254
39.13154284056796
39.481457825929894
39.0215222195974
39.36719505870193
39.10339538396548
39.17577817428896
39.27592116710709
39.301540947624304
39.231825789422395
39.371040260772304
39.51312103818165
39.220805055529176
39.37231474384512
39.29023670513333
39.237121299714175
39.435259861209154
39.132310620434
39.25266249393398
39.24923680376221
39.450708738930686
39.29784957123179
39.36467235735418
39.29618058093027
39.292379178951144
39.146293383851706
39.115060761138025
39.29174527984695
39.2799559246251
39.375859500364385
39.22555053981425
39.357766729107446
39.34723805482062
39.29333573016846
39.23740067029833
39.473104742104844
39.4056076264839
39.378693073122975
39.31026333637747
39.01111083408836
39.25671468773171
39.16424339227389
39.27597302399117
39.41691083405629
39.23920261773421
39.173220171925685
38.85034888166886
39.1726350480135
39.122065735437225
39.05136002488664
39.48152567525016
39.32906817763384
39.353570277776036
39.24150122425599
39.15048449187574
39.48614150727983
39.33000296968929
39.351970339786796
39.433868828907215
39.48298223059364
39.17554008474433
39.219640291177946
38.77478808581051
39.41686515960328
39.02194355651495
39.504079002199916
39.170576522139676
=== done: recovering N=30 V=6 mode=aug seed=3 ===
