=== recovering N=20 V=5 mode=aug seed=2 ===
Gym has been unmaintained since 2022 and does not support NumPy 2.0 amongst other critical functionality.
Please upgrade to Gymnasium, the maintained drop-in replacement of Gym, or contact the authors of your software and request that they upgrade.
Users of this version of Gym should be able to simply replace 'import gym' with 'import gymnasium as gym' in the vast majority of cases.
See the migration guide at https://gymnasium.farama.org/introduction/migration_guide/ for additional information.
[C1] joint-summary actor parameter count (per arm): 29697
iteration 1
28.092790456604863
29.471083165390052
29.185405300144296
27.737462079727734
25.117121453928817
24.80091540429951
28.00526702419225
29.93339013604785
29.99821676052078
30.060597899487007
29.988655651793284
30.260278371529438
29.902500095935867
30.144466738521523
30.29137094045234
30.039929424126285
30.163524573128434
30.486216853880528
30.357072192181022
30.459158360215337
30.477477683795573
30.4104973429517
30.378803715346997
30.331130269850043
30.56128217007206
30.21149418024262
30.550527363358846
30.402024865714214
30.261501351330267
30.333725974179412
30.532070500508212
30.559813124397664
30.570547697165146
30.48939254377607
30.59203898006823
30.411347122570128
30.433213454214542
30.362994838984864
30.437342759065817
30.381986676515734
30.309948243672736
30.429577605851442
30.463176199241374
30.4165674660965
30.504194495374012
30.493451647830014
30.4863549496437
30.252934864849355
30.43004455524203
30.538315723442096
30.46750825655144
30.383956287483556
30.499045393628464
30.485803493252316
30.532944463871253
30.561831868249627
30.339660516036762
30.404100111875636
30.514022552388038
30.509761558620276
30.431220210136345
30.493258645531395
30.43956517519695
30.545693617866732
30.521227494911255
30.529635375717554
30.551406901493372
30.37993114968613
30.162576248641148
30.5354521323062
30.538569752488183
30.4480644527394
30.498727078404627
30.040917981448857
30.545089438239362
30.496181676959758
30.477094744529133
30.687626438400933
30.63181024956425
30.598890449620768
30.50608243659825
30.372790328589932
30.578760104805315
30.66190216351054
30.42976670819114
30.480793876878
30.43123723575768
30.439140659329706
30.534729207251367
30.334442846321295
30.6538010301128
30.480290948477695
30.54988990432413
30.526627607544373
30.342275046637024
30.547627937018483
30.1831930224064
30.314726700899442
30.529176162364354
30.57369621292527
30.392946199417285
30.421546349198167
30.428227547661503
30.466287552353702
30.423252412899295
30.38007411174393
30.57119331769176
30.463448773350148
30.58952717453222
30.478078651547293
=== done: recovering N=20 V=5 mode=aug seed=2 ===
