=== recovering N=10 V=3 mode=base seed=2 ===
Gym has been unmaintained since 2022 and does not support NumPy 2.0 amongst other critical functionality.
Please upgrade to Gymnasium, the maintained drop-in replacement of Gym, or contact the authors of your software and request that they upgrade.
Users of this version of Gym should be able to simply replace 'import gym' with 'import gymnasium as gym' in the vast majority of cases.
See the migration guide at https://gymnasium.farama.org/introduction/migration_guide/ for additional information.
iteration 1
14.295387363422654
14.459906031788144
13.677048695611061
10.633981098306343
9.607135037893347
10.267832426581101
15.456586106940415
16.27870539582942
16.82590075435773
16.861412929511175
16.85483187953884
16.906373999181348
16.912667254492284
16.930506415441013
16.832025643230157
16.87111332601043
17.033044400614564
16.857579439790403
17.00599021344623
17.03004487386809
17.031506433643923
16.981791682813522
16.983938483112983
17.032910345392725
17.081468962654288
17.011716566400136
16.99665966123792
17.076489112152935
17.131522331445368
17.0334774182218
16.930887473822427
17.143354931224597
17.04807532212959
16.91400022299021
17.05433673218062
17.07459550308169
17.050476170198333
17.101053952764918
17.085208380537015
17.08136977822955
17.10905901789079
17.10140177216665
17.185846736624672
16.984448328375144
17.098955492569594
17.0914147119493
17.046120041574806
17.08465085023762
17.084227858958297
17.125216179136594
17.023040350908126
17.111938972858184
17.12896584963369
17.139598684359495
17.022546650480873
17.07697985880338
17.092523764920532
17.084160748750715
17.111012975684172
17.107855279049236
17.122992900877612
17.140088130643672
16.905065694711585
17.009094013547482
17.02702670943469
17.114121830095915
17.065220697726577
17.12521844340036
17.027383217486328
17.081359465266882
17.017251742379095
17.09718044921039
17.09093271319458
17.15953145655107
17.05864626856677
17.049071841712458
17.068902006162354
17.083510858451362
17.07114572199413
17.079350263028523
17.054466398045435
17.051516856424204
17.071490688969618
17.07493906827998
17.064690957133326
17.07289153570482
16.979737555059188
17.07152776194346
17.07332662673805
17.12266109868744
17.05887037746547
17.074443856805573
17.07190833406411
17.13947621034818
17.117610326635877
17.055977806389148
17.12541263449245
17.072062986446962
17.022091699505694
17.13852277744326
17.059461779959516
17.094710418394435
17.093524986471678
17.09837229471302
17.11857292430544
16.99502345264192
16.954428309248282
17.061146638127543
17.109568492482357
17.134048631054565
=== done: recovering N=10 V=3 mode=base seed=2 ===
