=== recovering N=20 V=5 mode=aug seed=1 ===
Gym has been unmaintained since 2022 and does not support NumPy 2.0 amongst other critical functionality.
Please upgrade to Gymnasium, the maintained drop-in replacement of Gym, or contact the authors of your software and request that they upgrade.
Users of this version of Gym should be able to simply replace 'import gym' with 'import gymnasium as gym' in the vast majority of cases.
See the migration guide at https://gymnasium.farama.org/introduction/migration_guide/ for additional information.
[C1] joint-summary actor parameter count (per arm): 29697
iteration 1
27.987108304409553
29.549519673824804
29.588311960174288
28.05591107797627
25.107264561456585
25.953449722245004
28.53288806336493
29.72576540081282
29.86953055285885
29.79773058392709
29.815496664662383
29.918621876246963
29.846867169921016
30.068670348737736
29.98382031234511
30.146299546818838
30.258771512729812
30.1765497711231
30.376825320612284
30.46283860279436
30.376447085477984
30.344420964276306
30.36021996575037
30.51365382970657
30.45343991040621
30.340487089443677
30.268640061740783
30.433095398760614
30.332252399768585
30.479840266689767
30.459472512940224
30.513519625384646
30.494092191118153
30.461732703930206
30.623562904179565
30.609522515946082
30.454522311843576
30.595428674611764
30.487895346985038
30.411628549155704
30.537916469620523
30.42392587074672
30.333245941311404
30.555442895060246
30.363114944854225
30.368845832148967
30.411660163298723
30.55576453936635
30.489554400768444
30.315298397045918
30.324175695804087
30.637249624912506
30.55089080729873
30.55166843806749
30.483943636924046
30.427792951339306
30.521765445336577
30.316972978039633
30.539799390599743
30.361513390807332
30.622638346329833
30.383273868443744
30.504894299129443
30.271370472269886
30.3762862988026
30.58835538584342
30.55523503422842
30.532869300980714
30.59225200316741
30.359525675837993
30.274479383987288
30.418696893256524
30.320183721388297
30.271984063077312
30.60199708691773
30.4661165716685
30.48544882355796
30.49715047550334
30.436159981955374
30.466159077146276
30.523254824667323
30.31371096468394
30.568689863882437
30.5880352413991
30.563784188864133
30.556151002983544
30.39148476458036
30.38248543939127
30.551933536396877
30.567945069940198
30.57296605828865
30.428949893224402
30.495204836012544
30.512789833972192
30.587143144865298
30.345124660473196
30.466616050962624
30.361008962346776
30.525573457929244
30.609533265842078
30.165465732941833
30.53032016383262
30.42276777499816
30.355490246354563
30.447408046680476
30.49843515678692
30.202277097809116
30.547931722075745
30.447690207689153
30.51259774531391
=== done: recovering N=20 V=5 mode=aug seed=1 ===
