=== recovering N=20 V=5 mode=base seed=1 ===
Gym has been unmaintained since 2022 and does not support NumPy 2.0 amongst other critical functionality.
Please upgrade to Gymnasium, the maintained drop-in replacement of Gym, or contact the authors of your software and request that they upgrade.
Users of this version of Gym should be able to simply replace 'import gym' with 'import gymnasium as gym' in the vast majority of cases.
See the migration guide at https://gymnasium.farama.org/introduction/migration_guide/ for additional information.
iteration 1
20.427917570833365
23.45823169120139
25.10895527537124
24.196485397117335
20.194911090231276
20.01989781346075
23.417254783522722
28.057364129708844
29.430882410435697
29.681584781955376
29.79756085946396
30.072061599384643
29.89727758619262
30.109095275210137
29.739495494561616
30.213759791627467
30.172603970035652
29.853428727622628
30.07562942754304
29.894005014446503
30.075419093793897
30.01916397488225
29.902734919805813
30.351588640032805
30.292894157089385
30.200252434362774
30.172591195058523
30.393572361192113
30.34268517835051
30.432512784175444
30.463570168397673
30.414186171402303
30.492018710005404
30.475493956560967
30.639511113046048
30.628386345479218
30.433066498386726
30.618648208802412
30.390029081586782
30.406069242353347
30.453207008893447
30.455278367267987
30.223928797910368
30.50607775308482
30.372749656827764
30.33508975195642
30.364369894855344
30.456109838733013
30.502152768193408
30.293801278320345
30.343293807317913
30.652281285848026
30.56066924800421
30.53621574244902
30.494225039981547
30.41520317247312
30.582666841131903
30.30950661269866
30.522150774716753
30.32325382409484
30.532244305400486
30.38055955830458
30.54896822930485
30.361522360455833
30.402939144206826
30.593406715012957
30.54179471489153
30.55103643422194
30.54520762589773
30.409885082065657
30.342364042452196
30.422848049345735
30.40049888048441
30.151974864267682
30.634320132942424
30.488105274848355
30.549084511788642
30.46796378125287
30.467939598404556
30.35093593331806
30.495026883398033
30.309722778194583
30.496599548972103
30.58599814213737
30.472136423718222
30.57984146232004
30.349826631093677
30.390492200342297
30.595581758392903
30.507408191579426
30.563020497658364
30.521161613008346
30.48470403754318
30.49640682910199
30.56383508199099
30.391353391528675
30.55712984849311
30.382866891408685
30.517733627917245
30.612384512699535
30.081660853834904
30.566763195385562
30.366702789041906
30.332228819172954
30.4181180729182
30.54386855191367
30.233656816114326
30.5964500034866
30.485447452711625
30.56372125535375
=== done: recovering N=20 V=5 mode=base seed=1 ===
