=== recovering N=10 V=3 mode=aug seed=2 ===
Gym has been unmaintained since 2022 and does not support NumPy 2.0 amongst other critical functionality.
Please upgrade to Gymnasium, the maintained drop-in replacement of Gym, or contact the authors of your software and request that they upgrade.
Users of this version of Gym should be able to simply replace 'import gym' with 'import gymnasium as gym' in the vast majority of cases.
See the migration guide at https://gymnasium.farama.org/introduction/migration_guide/ for additional information.
[C1] joint-summary actor parameter count (per arm): 29697
iteration 1
15.338857632983984
16.521805518432203
16.476638313776824
14.891202736742366
14.849970583658228
15.290799209536786
15.357312614242694
16.467792266908326
16.979630417792414
16.93657548295339
16.967052295425948
17.00680108859492
17.014697440483577
17.039509963222898
16.970011867024677
17.035382080369523
17.12043218486987
16.92744952589552
17.055675795536686
17.018096296934807
17.04521086758847
17.012351782445343
16.963201530572555
17.031000317106276
17.08164432659051
17.100849549989217
16.994076888965076
17.050568105822503
17.092558279166614
17.037770854192058
17.043131127162805
17.121144756343075
17.047332578725758
16.90771355838897
16.991538682473227
17.043318182903516
17.06430953642238
17.12228258995102
17.0568850321192
17.056356288202792
17.1367049538698
17.126003933582197
17.16349996982414
16.99695415706553
17.13562032172187
17.118408328433812
17.01433526423773
17.125248398166654
17.080870190605964
17.10030677215371
17.085656536327555
17.142990599384937
17.126946933712986
17.17221421769197
17.046577073083327
17.056099578909095
17.108331810315914
17.03027935200115
17.09461993871746
17.131532212105878
17.145760840696077
17.100529469477127
16.95969916661733
16.991723098335015
17.055397989750624
17.160033404385356
17.11844537521081
17.16933373900406
17.036533067376944
17.11554130370972
17.00033668871284
17.06947861086423
17.11547217113778
17.140033068361845
17.09228342879447
17.08939331780483
17.160844133817122
17.081510145633203
17.08082635700112
17.07557594923419
17.06874042374492
17.0841905872665
17.070879180537577
17.035846757560872
17.03433238646262
17.034173596042677
16.978952416072374
17.095371638688697
17.108013003081222
17.147252191479534
17.11097913228406
17.035788633470982
17.096581575450678
17.1322385025895
17.05784733941903
17.122258181385728
17.099283734025676
17.01783060200121
17.006485504092467
17.130518772929946
17.0536682082624
17.12177884659197
17.058309115416456
17.05131928236856
17.139896165911846
16.933923944436714
17.01208054635748
17.077920698435456
17.077470043402865
17.12418379658184
=== done: recovering N=10 V=3 mode=aug seed=2 ===
