=== recovering N=20 V=5 mode=aug seed=3 ===
Gym has been unmaintained since 2022 and does not support NumPy 2.0 amongst other critical functionality.
Please upgrade to Gymnasium, the maintained drop-in replacement of Gym, or contact the authors of your software and request that they upgrade.
Users of this version of Gym should be able to simply replace 'import gym' with 'import gymnasium as gym' in the vast majority of cases.
See the migration guide at https://gymnasium.farama.org/introduction/migration_guide/ for additional information.
[C1] joint-summary actor parameter count (per arm): 29697
iteration 1
27.83465518085846
29.46757466605257
29.43783525750952
26.720285832210767
24.614698574654447
24.557621658941493
27.68635833340908
30.135656843863686
30.037847307566384
30.222771413183892
30.243641592313978
30.015325263676267
29.928420863059827
30.00705758909726
29.907050941230832
30.069460066125067
30.241476187403464
30.14030424749749
30.198245203081704
30.20533357933747
30.29168140900451
30.230510776183284
30.359555746658614
30.12061713623234
30.279303147162963
30.140315755089727
30.41598343938743
30.354372337503296
30.622994302412454
30.583201724862196
30.48090187874271
30.223789458666793
30.484919229494928
30.55577429818187
30.60566837784173
30.46559135814718
30.480710400203925
30.27487105494463
30.48385661719559
30.293566916897994
30.469347940048692
30.37583409427089
30.49424471872391
30.492562670980632
30.505018108055836
30.341722618890405
30.47964909039131
30.40597314272407
30.42759234062672
30.348556176161104
30.372939794189186
30.456772682785548
30.52533897463069
30.347271472812384
30.52976501561765
30.320489706443418
30.656378893551434
30.521711110387074
30.439991280782735
30.448111377003276
30.272404647596208
30.57925146316032
30.600074693180755
30.593932306561097
30.60965310782761
30.646196802785624
30.441199130625268
30.527074939703226
30.59169654691919
30.552489514809672
30.431794045355993
30.260985561696813
30.454507741372755
30.292874626259007
30.513715371439865
30.443964073907733
30.4159722464098
30.570386396248168
30.469094689049236
30.507711764212896
30.299761038212147
30.64429136873861
30.488122353253836
30.382129213855183
30.62789005124641
30.35588971561613
30.639318738567837
30.430431563741713
30.50856620575957
30.566304073772486
30.392696254401077
30.423254896747554
30.466010582886643
30.405981774276892
30.469725182305716
30.54487150513429
30.46406170345906
30.487311680135594
30.470571640637196
30.33465591727223
30.41751042608699
30.53592998317055
30.54960686494057
30.596077856017576
30.587478466442608
30.576864234409257
30.44399410712635
30.512908558999246
30.26229916847909
30.466455818861185
=== done: recovering N=20 V=5 mode=aug seed=3 ===
