=== recovering N=10 V=3 mode=aug seed=1 ===
Gym has been unmaintained since 2022 and does not support NumPy 2.0 amongst other critical functionality.
Please upgrade to Gymnasium, the maintained drop-in replacement of Gym, or contact the authors of your software and request that they upgrade.
Users of this version of Gym should be able to simply replace 'import gym' with 'import gymnasium as gym' in the vast majority of cases.
See the migration guide at https://gymnasium.farama.org/introduction/migration_guide/ for additional information.
[C1] joint-summary actor parameter count (per arm): 29697
iteration 1
14.010503359319953
16.145976191411727
16.19070113710295
15.026194814629429
15.238756744013983
15.982981415839872
16.985218718353284
17.02533933394725
16.846378866985525
16.846355331045746
17.013193697546154
16.968336862656926
16.960907127597007
17.033246893684893
17.096323164241646
17.086492060405778
17.044329595656453
17.036354017170357
17.05515044301434
17.01724421920149
17.016693405586132
17.13044342936831
17.090223859321394
17.128921778854057
17.05964725452684
17.168392097646972
17.112281412847675
17.015162490483508
17.092613464316475
17.03874346931191
17.058023658811024
17.080096839285037
17.086915959607307
17.075883068226815
17.12485492608466
17.042567983304444
16.96025723821743
17.11538699024917
17.101390118349467
17.143399728018043
16.99192057549276
17.04206218378447
17.085049746489425
17.054735683700184
17.057908674711644
17.065510133187622
17.052508009249244
17.026202388573978
17.13000242690224
17.09689456343026
17.10903439158354
17.109136526387942
17.09425152349899
17.07357226233024
17.10118245027651
17.11921595232686
17.03369149285801
17.147741730814296
17.08720541570471
17.13129215540524
17.025113417643226
17.085074235889337
17.011159309125944
17.100411756763982
17.013761876753648
17.02346119018711
16.9690623385443
17.09576541479777
17.07680891914657
17.172052708493755
17.033446994920435
17.03877153761804
16.906111956884814
17.12069826241683
17.011093976000353
17.136450634663433
17.02010634605479
16.986879887736926
17.013785733243452
16.906141957997455
17.036389285517295
17.120895620704623
17.129008208115923
17.092193045616042
17.078110928021218
17.142006153678565
17.092146546699436
17.056412424114463
17.175166860007437
17.074156211078353
17.087560397362054
17.07999163473414
17.103968338492816
17.075276539676278
17.138015512197928
17.11022998776876
17.06986235891783
17.07811636500761
16.955002026821152
17.006913365717086
17.080312758346153
17.168174362375286
17.071156041662206
17.010947989927217
17.068205426314023
17.13881296784381
17.137253351476694
17.107875304754803
17.108080913383798
17.073541814852458
=== done: recovering N=10 V=3 mode=aug seed=1 ===
