=== recovering N=20 V=5 mode=base seed=2 ===
Gym has been unmaintained since 2022 and does not support NumPy 2.0 amongst other critical functionality.
Please upgrade to Gymnasium, the maintained drop-in replacement of Gym, or contact the authors of your software and request that they upgrade.
Users of this version of Gym should be able to simply replace 'import gym' with 'import gymnasium as gym' in the vast majority of cases.
See the migration guide at https://gymnasium.farama.org/introduction/migration_guide/ for additional information.
iteration 1
18.82323927582273
23.68634570218752
26.12215226064689
24.541348035818377
20.58335299916817
18.671395490744583
23.617634447988056
28.516696357402598
29.493432682124617
29.519504644056624
29.418648128952274
29.75715866628436
29.518815648482246
29.805181800486345
29.850393742036786
29.77504366251809
29.83405822819525
30.32642505369227
30.08796496888448
30.268293827948042
30.288787851543194
30.288596919088803
30.170568430263252
30.369484888805154
30.50687307466671
30.287893113612373
30.477918109928424
30.42183591304724
30.148088426528794
30.301920836713986
30.448886587827733
30.593292348470644
30.5565005153254
30.502522603020267
30.571948008801865
30.356302782331237
30.468784418117355
30.365054262912295
30.515256708791494
30.389217555081565
30.414239268587846
30.49156670678334
30.45886779118497
30.455935197174913
30.437571467085988
30.45398184238242
30.484019766434095
30.219397779993955
30.421506936397318
30.4705366299328
30.495456865603543
30.324330161606586
30.465394433631133
30.509456743133214
30.4943952306368
30.41340838934293
30.407352941823625
30.396738024305417
30.48034714948799
30.437295563411617
30.438921128136226
30.46869354340937
30.365095662727235
30.552625465604095
30.51902708495766
30.499952838296753
30.500998147125596
30.399990985716105
30.157948987239802
30.42399861878417
30.531677075069116
30.439690964337796
30.319343369789486
30.16880751651257
30.50092944320693
30.53182065020314
30.542902172134486
30.67013730690703
30.55485558074846
30.61762259000667
30.47005719860213
30.362269637229755
30.46447065708586
30.66019511999217
30.321702740100378
30.47025455674976
30.390166845417482
30.46696013220102
30.539395143929692
30.39461778229057
30.557057036996166
30.526788629193216
30.580841140793037
30.479432014141626
30.428890753505666
30.480200136887266
30.088798646694972
30.246676570015726
30.53780051756759
30.56130627693437
30.400556774398854
30.369968378535628
30.336726450974233
30.46379257302142
30.40559479097908
30.391935972337702
30.53234138948447
30.477526359182566
30.623025010973958
30.568329568180275
=== done: recovering N=20 V=5 mode=base seed=2 ===
