=== recovering N=10 V=3 mode=base seed=1 ===
Gym has been unmaintained since 2022 and does not support NumPy 2.0 amongst other critical functionality.
Please upgrade to Gymnasium, the maintained drop-in replacement of Gym, or contact the authors of your software and request that they upgrade.
Users of this version of Gym should be able to simply replace 'import gym' with 'import gymnasium as gym' in the vast majority of cases.
See the migration guide at https://gymnasium.farama.org/introduction/migration_guide/ for additional information.
iteration 1
14.002709682096386
15.137534046161289
14.648828193388209
12.966465804585216
11.45756623757789
15.309712038979649
16.75516003186956
16.85449611152807
16.738394439710824
16.746455903477653
16.934563938171998
16.938232705244694
16.933348986543127
17.099240330042413
17.077376472978088
17.023443369715938
17.068377558511866
17.097781570642137
17.067531341132927
17.050672362546496
17.00087369883118
17.132937494806114
17.107208084369393
17.124189929913268
17.074045533777266
17.143056013778377
17.12878679689524
17.031347885907742
17.120622517590718
17.008743363123298
17.054136073884013
17.064069903748553
17.084806197515455
17.043533625412923
17.170591956064875
17.057716630541883
16.97134687431402
17.14467238198854
17.150135019878448
17.14914036383095
17.017043432103858
17.05131162490942
17.062198053332185
17.049653838733306
17.13198327541635
17.09117428347836
17.066474541978792
17.056388382864203
17.108546268310857
17.106175261973462
17.15271479234463
17.073708551119843
17.10132007394595
17.10326200452462
17.09980847200823
17.10176604601528
17.054233542677004
17.183436636814463
17.06386433745272
17.156943937669443
17.071590074236333
17.086463215624008
16.995581048446287
17.07574999900414
17.036019248699926
17.016576770442565
17.09824022714409
17.106561309441478
17.067359515234617
17.14897947686023
17.035315500392517
17.01510198772987
16.983254736207822
17.036850666431775
17.008681088453102
17.109291649716276
17.020215157657475
16.988125055069187
17.074734479050733
16.934645100741506
17.041121990693004
17.039824859704957
17.071387810930382
17.11413133201211
17.077239323491206
17.123346716614
17.096224493335296
17.074531962789273
17.186179069694212
16.987718866115163
17.094514520683344
17.072547140821698
17.102395453676692
17.104232559199954
17.154376394278835
17.107982446216134
17.045688866520393
17.10467760292292
16.964571007603613
17.03532616827159
17.057293122040445
17.164173354092092
17.101748218913404
16.984485388498264
17.040313451391846
17.163049564660263
17.153516509893866
17.071808309988977
17.019308600792787
17.025702344955434
=== done: recovering N=10 V=3 mode=base seed=1 ===
