=== recovering N=10 V=3 mode=aug seed=3 ===
Gym has been unmaintained since 2022 and does not support NumPy 2.0 amongst other critical functionality.
Please upgrade to Gymnasium, the maintained drop-in replacement of Gym, or contact the authors of your software and request that they upgrade.
Users of this version of Gym should be able to simply replace 'import gym' with 'import gymnasium as gym' in the vast majority of cases.
See the migration guide at https://gymnasium.farama.org/introduction/migration_guide/ for additional information.
[C1] joint-summary actor parameter count (per arm): 29697
iteration 1
15.092265910215286
16.18887153132802
15.667040783275706
13.913012038068592
14.701566636316256
15.192206679707633
15.213297579147058
15.57177667775052
16.790312685344883
16.719261597019084
16.856776226627257
16.838297571008642
16.785243181441146
16.940037927809325
16.88654235518305
17.011206531477185
17.00403252639268
16.911545683834678
17.01126020152246
17.06222791357807
17.02755240385753
17.083641935059088
17.014397997975017
17.05375539913061
17.124925758369876
17.140208722283205
17.05044551239441
17.095108055667247
17.09918278536989
16.996728092413097
17.022731531231766
17.097287992810426
17.11708251039996
17.055878417861788
17.14003853118416
17.045036918131476
17.12173641139862
17.148242321018305
17.122278379139825
17.04947539384571
17.14696707104126
17.10933049513135
17.06996029066287
17.095296326518245
17.10185982838334
17.13965581179938
17.10591675353539
17.08563764281226
17.10415503618826
17.03602413856968
17.129494454994337
17.09503239134921
17.065958765841046
17.14626031280194
17.14825854041407
17.177860920230966
17.11184025827644
17.14069954265674
17.071492019458475
17.041273531642524
17.044533492396862
17.058201807211574
17.125178773720624
17.08888407905135
17.062298075746344
17.105399333641692
17.051602859716162
17.161454126172902
17.10294579578423
16.994513477309187
16.96099411891868
16.97104595321232
17.103396557479712
16.997094617189504
17.10368008670502
16.994576105029097
16.957465601018786
17.11130814710997
17.132605477164383
17.049790203162715
16.995870359170393
17.000124852681598
17.1215037478109
17.085730449124387
17.058834899922598
17.081669980337942
17.064091461587633
17.097932410795156
17.141684228375556
16.983767209583068
17.21832587031082
17.135014987779236
17.10897943070331
17.108603875627175
17.134106429199925
17.035564305031556
17.077100092171914
16.97990696703537
17.19351288508659
17.102646998925383
17.092007393943216
17.062063742416996
17.151783912505493
17.130037496145093
17.122725828700553
17.136636941924927
17.08255569178964
17.091917687882457
17.040737713329186
17.051135297622626
=== done: recovering N=10 V=3 mode=aug seed=3 ===
