==========================================
SLURM_JOB_ID = 2619795
SLURM_NODELIST = gnode091
SLURM_JOB_GPUS = 
==========================================
Host:    gnode091
Job:     2619795 (array task 5)
Mode:    aug
Seed:    3
Out CSV: /home2/eshaan.sharma/Reinforcement-Learning-Project/benchmark_out/rewards_aug_seed3.csv
[C1] joint-summary actor parameter count (per arm): 29697
iteration 1
1.033201714110805
2.161623303744515
2.2402214059789807
2.525367819610243
2.685616773798592
2.757507397204366
2.961517192123253
3.308860320375471
3.493889399040916
3.3648413427201316
3.3432547699214377
3.3269350066319756
3.3039822467095195
3.2783052749719412
3.0766095296398324
3.0787246199367404
3.0173767982858894
2.898998061422304
2.9342260993776152
2.9800122436486074
3.1011570247933893
3.153701663095601
3.1333159881644717
3.3526711560044884
3.385010713192531
3.51013570043873
3.4543720028568514
3.4548331802877237
3.630206101418222
3.769820426487091
3.805743291500866
3.7850658096112646
3.7130690745842263
3.716829915314763
3.882721150902968
3.8009764309764313
3.8803071115192322
4.17591470258137
4.184497500255076
4.325581063156823
4.468020610141822
4.37843995510662
4.300224466891134
4.255089276604427
4.206661565146415
4.1659657177839
4.2629609223548615
4.357670645852464
4.247142128354248
4.017193143556782
3.994795429037853
4.033285379042955
4.143591470258137
4.320598918477707
4.2131068258341
4.086407509437811
3.8552657892051845
3.7944219977553315
3.9781583511886556
4.096023875114784
4.0972033465972855
3.9684358738904195
3.8693286399347016
3.870763187429854
3.745310682583409
3.698602183450668
3.8354729109274563
3.872887460463218
3.7889633710845816
3.779890827466584
3.747566574839303
3.6858320579532684
3.907599224568919
4.156005509641873
4.412207937965515
4.5805458626670745
4.536392204877053
4.580806040199979
4.395255586164677
4.2186797265585145
4.0703693500663185
4.078471584532192
3.6795582083460876
3.5359800020406085
3.47295990205081
3.5817283950617282
3.8827435975920803
4.097446178961331
4.4858392000816245
4.52221508009387
4.366244260789715
4.183294561779409
4.108124681154984
3.982796653402714
4.005861646770737
4.271916131007038
4.311215182124272
4.436528925619836
4.52472298745026
4.616295275992247
4.7401622283440465
4.832441587593103
4.844566880930517
4.8267370676461585
4.778126721763086
4.849473523109887
4.865505560657075
4.787758392000816
4.615860626466687
4.552376288133863
