==========================================
SLURM_JOB_ID = 2620257
SLURM_NODELIST = gnode090
SLURM_JOB_GPUS = 
==========================================
Host:    gnode090
Job:     2620257 (array task 3)
Env:     recovering
Config:  N=10 V=3
Variant: deeptopj + gated_attention + adv_normalize
Steps:   12000 (warmup 1000)
Seeds:   1 2 3
----
[seed 1] -> /home2/eshaan.sharma/Reinforcement-Learning-Project/paper_out/recovering_N10_V3_deeptopjreg_seed1.csv
iteration 1
15.051946189907756
13.709495838767086
10.584631374296961
8.547153916051773
11.146978665536013
10.32651755285403
10.402555005338709
10.112553636086819
10.354414073793457
11.28648070756538
9.099201334024066
8.864574392820112
9.279956248562367
9.448557704769016
7.4432345018432144
9.07803541798677
8.458788781214311
8.695882228234225
8.31145484292768
9.577867751707927
10.79757098984526
12.495659163192158
9.553885808720219
8.895536936041736
10.683308364187742
10.742466116517004
8.264087143304
9.0113823286228
9.640366500828009
9.871715674781925
10.516849332303982
10.638056324360997
9.338914795985023
10.652362830805579
10.69724994374378
10.767515349123347
10.948641885313132
9.907627301739
10.300855179352814
8.83997714986331
8.313929878503782
9.642880801150103
8.7336057088357
10.185038337510763
11.524051711634108
10.299693687082287
12.406887043870833
11.90814179663942
10.87414498358781
11.631425920124446
11.49919151787884
12.190358266318071
12.70273501435202
11.56110527183442
13.458649472553969
8.306214989511304
9.063279978362997
11.516508302785198
8.927706207743778
10.43230428256453
10.189655875102844
9.57688527428306
9.727795793482965
8.980419883062556
12.473624270692069
12.831375331296737
9.834484051684395
12.212900945706817
10.306140159797222
9.93019127604212
11.101317145310786
11.513700085913205
11.786173883071935
10.584090088504343
10.898472904911966
11.94371110900358
9.61784539381038
12.1432535367605
10.273779090912504
12.833204769313364
13.027543709462664
12.932989759134646
10.948881184778147
7.726688718302998
10.546938824962652
10.071876014840619
11.495457645290392
12.751929138028807
13.49070111649509
8.825079741155248
10.887746348550952
9.262329632287027
8.170582875645572
10.859044852889863
13.385124362951021
13.242667059187403
12.049820702011012
13.261016005888653
13.092883032213416
11.695438702283097
9.963946588882939
11.967416769195335
12.207505618093787
12.740615098656315
13.036045853158576
11.609928057110187
11.676263105219174
12.59125067800758
11.454500843884768
9.401861236532124
----
[seed 2] -> /home2/eshaan.sharma/Reinforcement-Learning-Project/paper_out/recovering_N10_V3_deeptopjreg_seed2.csv
iteration 1
13.797453948157315
11.785060100526112
11.639043572691234
10.50840587708648
9.20774199192527
9.152358023186045
9.350565315074723
10.13434750627442
9.779044540253922
10.199954964792576
9.932577698661916
9.661357956459453
10.017789519954604
7.394861728831569
8.933314575054457
8.227646569783571
8.735722153200049
8.05964243531258
8.333020811108169
8.725393508446725
9.285556448502764
7.399728110131127
7.117430203092466
8.258560821752207
7.526295868744102
6.651466049431606
6.909946974513715
9.377591376967604
9.269766880398238
11.107923574671883
8.946160573477767
7.762174883426759
7.220970210117201
7.153985989088547
9.769718838486186
7.557322125706225
9.282939464936945
9.482953828866762
9.230589057631068
9.839668797779003
10.026687823758857
6.857905627161216
6.963570925113438
9.14729936636167
9.521414487873892
11.546244399523136
10.826922975692932
10.369732534833025
9.733416397526918
10.359773099038616
9.169924496088411
10.669795247711289
10.213192794200737
9.518712772333025
7.7586694542780865
10.03344346766639
8.917058049073516
8.64177533632177
9.908534085041788
7.1848015536953325
8.862199679562318
9.67030282599095
9.296801421389796
7.66332321183389
8.995369441919003
9.785995309656096
9.963844655140278
9.574151036858387
8.39918844668374
9.799527551012831
9.645360600682446
9.9907630139156
9.51120350566924
9.647841423663886
9.736387136023865
9.18733793191514
8.666936942772368
9.7081714159554
6.461948023101161
8.78652506069115
9.913576896547513
10.074623348059493
10.614943923073234
6.879105673625774
9.506058876370767
9.956699992552355
9.742160197337531
7.481981291476169
9.508946741884445
9.83183392349214
9.465613859222422
9.722419984254916
9.677911945685754
9.547845421008875
9.245942472495763
7.5371021251939085
8.74202707705783
8.165422379120697
9.78143713515171
9.14548751165475
9.742453864864565
9.670630967521893
10.11332468184063
10.286342224737583
8.463456221272166
10.877907866323687
6.943327576992667
10.20717580785314
9.367286121535406
9.999338139870087
----
[seed 3] -> /home2/eshaan.sharma/Reinforcement-Learning-Project/paper_out/recovering_N10_V3_deeptopjreg_seed3.csv
iteration 1
15.344197771497074
13.371239982318532
10.644785159066643
8.961079941896473
9.110531694064376
9.78853690035531
9.310379325068272
9.723950244223458
9.672511532428237
9.350304919020045
9.483006073449411
9.846681981625528
8.139918337116887
8.805986693013237
7.561478702584261
8.727633778247473
8.430402778157942
7.377478040027082
7.9939938761054465
8.777450443881284
11.91876431783333
10.594176652552317
9.495193610029375
11.085062897901262
11.29125727071363
11.077228142554716
11.393425079222844
11.102336926711509
11.399500671803535
9.362446384892221
11.081105300542951
9.831018264413679
10.929736354765389
8.499703235565885
9.883688373929353
10.125814615514365
8.345813993755169
8.826465304255837
6.900988036172305
10.123228415113012
9.686507240588732
12.697656055981115
11.580323786522555
11.114994209051366
8.988575526986935
9.571136061083452
10.17374015200382
9.422348885883173
13.559741077738435
10.685505101182164
12.125154742017152
10.71449006228267
9.24462495326626
12.382290776312129
8.961823391095884
11.004566585228355
11.7137791269624
9.324242051059384
7.085267571809737
9.720624635389159
9.404484505751357
12.62577348717795
9.295643488153548
9.773868093847197
10.231772991542055
12.584998779855193
9.515058522207008
7.715970519761536
8.05970333304279
9.880095724922532
12.577792531802883
10.702216699295384
9.867279229108757
10.555903570592365
12.85363525145285
10.398985745093157
10.145760498248505
7.759032974937663
8.288663361792416
10.77134076100238
10.144766108521308
10.878679695585587
8.039505817518638
9.605818141469612
10.92371347256672
12.968700491657208
12.87990375656293
13.019941299241466
13.23043651572517
11.520190023475134
13.523512992206477
7.17011740333946
11.91758479164419
11.039551064080554
12.647049047821165
11.55831468653705
7.817760088574755
9.924165158399605
10.223487082255078
12.507142448438128
12.2132019471265
12.186687806753056
10.496546338935584
13.068995713040618
12.909028941828403
11.64794768077072
7.3918902620634865
6.819401803173454
9.455937355081417
11.538862517999243
task 3 done
