==========================================
SLURM_JOB_ID = 2620262
SLURM_NODELIST = gnode090
SLURM_JOB_GPUS = 
==========================================
Host:    gnode090
Job:     2620262 (array task 4)
Env:     recovering
Config:  N=20 V=5
Variant: deeptopj + gated_attention + adv_normalize
Steps:   12000 (warmup 1000)
Seeds:   1 2 3
----
[seed 1] -> /home2/eshaan.sharma/Reinforcement-Learning-Project/paper_out/recovering_N20_V5_deeptopjreg_seed1.csv
iteration 1
16.091986113959834
22.331403066804977
20.59049435315254
17.664797196820494
18.31846012186041
19.30947428101858
18.70077123513079
19.774307967605605
19.154437623343178
17.231014374490076
17.299892561584944
15.154811506975756
14.841899337557482
16.373120716581482
12.626322142263191
13.898096654408313
14.730795263935393
12.858624765217712
13.550833236884712
15.305676865720457
13.871202436346628
13.417056591961122
14.147295044770708
12.65484876619729
10.356288090031812
12.425484045198477
10.189284353231923
10.310761397423416
11.689111386350246
12.69040416471094
12.355168303910043
13.113597183256175
14.566663761535237
14.846884824139897
15.83544644141005
20.09554985682731
22.075333057303496
20.455224497670223
19.698779149034678
19.72677966478071
21.64320269178563
19.63964745393391
22.36777265069085
21.92522702034114
22.955039973175055
17.725661015557115
17.845431806265708
17.699086021568963
17.061082579862706
15.420741056192844
16.76769744794716
15.47671560656956
15.703709287234913
15.572381351274242
14.583494651255995
16.14240028392021
16.056938407879034
17.86512462450742
16.286863725715097
17.555539462184484
16.41898137343462
16.157846047311924
17.82393983513831
17.071824988562053
17.120502786341785
15.781593421095286
16.914645027141056
16.687865100933212
17.950131350264176
16.860607865997466
16.877893328573737
17.621842017177418
17.61639238799501
17.174519398019456
16.969607030220065
16.613631465409387
16.818607196002816
17.01771066672625
16.833586650389904
17.828262838021722
16.883705829152678
16.342580194349814
18.04170789004634
16.45368718578983
16.759293152541854
17.26644168960027
17.0785210335935
16.357592267758665
17.256023005536363
17.182275098735637
16.7583824332099
17.949446408366256
17.42910521184026
16.825351106348993
16.78043037898004
16.842161103759654
17.02966372907938
17.37266119202489
16.01459287358633
17.58150901524715
17.18401412359853
16.711223750116844
16.524737105572047
17.711641262211547
16.845385224529526
16.17517696132824
17.065205510611406
17.034644655200864
16.87526429469103
17.08345065347528
----
[seed 2] -> /home2/eshaan.sharma/Reinforcement-Learning-Project/paper_out/recovering_N20_V5_deeptopjreg_seed2.csv
iteration 1
25.234643916303423
23.167962436315737
20.265458417403273
17.087292989561284
16.726091536492937
17.19871719158245
16.92624135617966
17.943924863292295
16.860989804548442
16.81786814020618
16.720986480355137
17.175007211118125
16.19320551713282
15.02656085376603
16.221154552501176
16.007674123782355
15.144351889393883
15.247228857190766
13.456760047526084
11.175667034844084
14.28449785633711
13.800493307059293
14.961324825084207
11.715988554406131
12.471753999827058
11.081458466869986
8.945605186689246
11.670000193229566
11.472572103333073
10.97774497909429
14.753047924502999
14.975314582381161
15.390108186002918
15.958522982753074
16.775315074574664
14.89482840397122
16.826815380159946
13.40880936521973
16.146236121109126
16.737055808230284
18.662583131096476
13.829379207691973
13.823603688398718
16.216721406253836
15.675028492466332
17.503138500905024
15.376361248716877
15.719129770895638
16.115856422054705
16.632599297292593
16.1978716880498
17.317814453161894
16.4644847604388
17.841848562401818
17.058068863513487
16.63851085643768
16.26293696181412
16.10380332302349
16.490152274697582
15.493383324190308
16.77065613552758
15.450374805014562
15.728233149178541
17.666498951874594
17.756834403254995
19.233604816924675
16.932404513775545
17.63153532029881
16.6247259483589
16.84052235840824
15.089724324562475
16.91074369358687
15.465831773017953
17.266067902184865
18.040367359113667
26.23239333805204
16.99403991926589
20.627401412237255
14.017096611253475
15.171128670245448
16.48536408817185
16.469210855163652
17.328557296670102
16.21712110538748
17.605011872037295
17.885542278055706
17.655105649084177
17.02973339349795
17.1099565539434
16.22980231017074
15.891499984330519
14.041145628063045
16.24456472576228
16.66886010290404
16.821443137505813
16.335263017058583
16.798045578256975
17.03493895138739
16.7776457517625
16.24653524493593
16.487626502851676
16.527075485504266
17.549246206799094
18.07379673593812
17.025676341866962
18.140968661798045
15.806289967465519
16.751473242884018
16.339763179838933
15.739083981995242
----
[seed 3] -> /home2/eshaan.sharma/Reinforcement-Learning-Project/paper_out/recovering_N20_V5_deeptopjreg_seed3.csv
iteration 1
19.196261126665494
23.370012933475547
17.61701712749858
17.32029752805667
17.30271755962047
18.642782109543397
18.284095328883144
15.23602596556639
13.688904835958674
11.99955820054071
13.543442709596428
15.773297595259113
10.367491599081372
10.870678209283923
12.465649012947017
13.195349915546888
13.01373486827255
11.28099149278755
11.292809639080335
10.323291443779077
12.468844949484161
12.123545457514913
10.020882063185958
11.148983727251464
11.083272392856832
9.958779358061065
10.572423428960033
11.3399777966925
11.320250830680962
11.290867456624424
11.114048073660872
10.834155948209759
11.17162298736385
13.560817832154768
12.650950529433748
12.495678797321519
9.409610926218132
10.807148886901123
10.632529129814115
12.122989471540512
10.819117652417411
8.980922164011059
12.02184658263933
10.041641780951107
10.94602598843394
10.58662448145186
11.998838892550987
10.788730399715842
11.629826992130456
11.70542880679339
11.925770904004361
10.580458859922546
11.368922798639996
13.457521761472247
12.42970679009759
9.319129199736903
10.501345902621436
9.677013004762488
7.313295610837752
9.374167487223298
10.112109391573554
9.357472691266544
8.558391536020814
10.452085360428839
8.976040014023992
10.63197429671627
9.874858332641296
10.693314122625823
10.62827133856361
10.094090963574793
10.073711346497632
9.15767453335787
12.396943580793252
11.380394440201252
12.584170849378554
12.100889659988843
8.815454510595112
10.63287576451526
9.353045570020846
11.847717278155438
9.52584783256241
8.818075890854058
8.113368509209018
8.528250117387682
10.436585377026471
8.954574509313007
7.605570307898013
7.606213953236653
9.816988085880286
8.940697948750744
10.17024515764537
8.520090300120824
9.174207353174005
9.274756738302283
10.558347718450285
8.135371286607281
8.394932330969004
7.920859564816275
8.220397088766372
7.625490354526363
11.313200890538697
18.16752893884279
20.36494716474234
21.203482618093602
22.320866565858495
21.402100551520824
24.199032281542415
22.97560904290096
22.640759424873988
20.58293519864515
task 4 done
