==========================================
SLURM_JOB_ID = 2620194
SLURM_NODELIST = gnode090
SLURM_JOB_GPUS = 
==========================================
Host:    gnode090
Job:     2620194 (array task 5)
Env:     recovering
Config:  N=30 V=6
Actor:   hidden=128 heads=4 layers=2
M:       1.0
Steps:   12000 (warmup 1000)
Seeds:   1 2 3  (run sequentially in this task)
----
[seed 1] -> /home2/eshaan.sharma/Reinforcement-Learning-Project/paper_out/recovering_N30_V6_deeptopj_seed1.csv
iteration 1
27.39370937734194
23.16364760017185
26.945653773071786
26.723777032033293
27.899613416764378
25.203109093275327
23.27449238256344
23.64575669671795
25.27943164884407
25.35569964196835
25.330104660858368
24.865959403955557
25.073581314775865
24.32395325270188
19.4639903310821
21.59891728800557
20.977231466795292
18.445782229347557
19.429944086666033
19.32189442764564
20.869533041578894
18.583877332405674
17.0757208128527
18.95885817883652
17.891208293065993
17.378297049392962
17.002869197253318
18.038743369561647
13.863894920115461
14.338675040349214
13.756760248537105
12.807526024059914
13.959998285941694
15.493012910965785
12.950365309397764
14.164460712958071
13.9395390071781
11.288388104930837
12.92800004916613
15.700838362667975
11.907062789508126
14.998523136582637
12.656691087371957
12.995520210650334
12.900090130445747
12.986119204191066
13.05334415276697
14.492702659838384
11.608781576706285
13.026836463913186
9.172745022442795
12.736063960001568
11.594512829720038
10.373464444732512
9.675796869813944
10.84863460991597
9.339969421027735
11.916900154178656
11.841080971631065
13.933095513619477
10.861880882555443
11.692045635143637
14.351410735062563
15.652574889169154
24.4469557171598
25.587192849102117
23.306080564312154
18.37540517161616
18.763871400044632
17.41366865956398
17.366264362208707
23.282964458110758
21.423452443774924
18.66536395533784
19.973740119029163
13.771529519428038
14.422160029276522
15.995382205475837
16.780260316817156
16.225528533876155
14.58214834027099
14.770736505019952
19.060463021291934
14.97704983443722
16.829217434977785
18.196769096323024
16.991507859737695
14.334193246756328
16.76694644244992
16.207832550795015
16.176036178968765
17.29853349992403
16.70168213734936
20.18109107545296
20.25292750920612
19.003054132254732
18.007426309864364
16.861338242306097
16.83528065295819
16.412753276941842
17.39879323740322
17.23916609525773
15.066449493305138
16.626311177604606
17.601191966382213
14.708576468735814
17.424854744024845
15.728865481521563
16.929351580124273
16.366097593988577
----
[seed 2] -> /home2/eshaan.sharma/Reinforcement-Learning-Project/paper_out/recovering_N30_V6_deeptopj_seed2.csv
iteration 1
20.468349300923283
20.376706399009528
24.50090847893387
25.622936787560615
26.657587891482123
29.045507362948975
28.3264608574241
24.662531762887042
27.070338874299267
25.153783019090596
23.79626946350778
23.015994171263834
22.362658329587425
17.140757799868215
13.995145317925402
14.780448712417774
15.610602098635303
16.394373395276407
13.704792870599842
13.164602938309923
13.292302427782811
14.939449528593824
14.365836815944068
15.344890687717653
14.842088680135248
15.894532155582136
11.354874058547985
14.346305990184941
15.063010874809185
11.98216010776938
9.777333627073668
11.295739879559557
9.311534838536742
11.63429767984481
10.486769341804544
10.295104718626769
14.280511044098652
18.61351000567968
22.588084695293063
20.096493009930974
22.635481973871606
18.71749374580916
19.508300787550468
20.703710128530794
19.767276255353753
23.679518312024733
17.148941108140516
18.63949848972507
17.70860743549405
19.537140001014627
22.53119036330203
19.294038734864163
17.567373598929546
19.962517122337008
20.268287305645334
22.986563285506026
20.84590469288536
21.628095084266633
21.222560033257924
16.827574789816616
20.023537485764347
19.242340699479044
20.287438351915053
20.727571549092627
20.07417158686249
21.21270394804302
21.224044697404906
22.145710882372196
19.504763605284964
22.234779372363683
20.22150991857493
20.149492311164423
19.148833086572758
20.87330172710694
20.42614980865543
19.7949917460921
20.08944303619094
19.658304206339196
19.125323536199048
20.209423257690354
19.87595711873041
20.56585004875591
20.09444946148312
16.505824425459103
19.049143098433575
19.217702167913714
19.05263129065566
19.099997331837233
21.758647983301056
22.9389755539372
21.698007921886887
18.663515442983254
21.336961807514562
18.51878018606122
18.1120583778891
16.250225924995036
18.43552571983288
18.07255286687211
21.44053561668085
20.90291374273909
21.222826400530124
25.18985036146777
27.583171499332085
18.902896826637217
18.90758917981716
20.73541961797028
13.231589052698796
18.658540822379837
17.489643801065437
17.900125064655427
----
[seed 3] -> /home2/eshaan.sharma/Reinforcement-Learning-Project/paper_out/recovering_N30_V6_deeptopj_seed3.csv
iteration 1
25.595052501739104
26.82937195208734
27.761685387178932
27.18589167651547
21.56357981051045
20.401623011400744
21.93119217152162
25.10304212484937
23.4230015434686
20.852676198203568
22.121826551279696
20.088419679370332
23.852886979271787
14.263461675808431
16.23596833761184
17.77136342720548
18.254932185322392
18.693047634503543
15.478539842558039
16.996680980725667
15.582598400246251
16.774091107814854
15.666428921011418
14.207711806850996
15.252587655835281
13.582136837941329
10.78184564357087
9.248986838816297
12.810062767772706
12.874457386234278
11.592544743032738
9.04227954450076
10.494279374094404
10.227831205778385
11.126157070364798
12.804056325485028
14.313392481973045
18.71582553534194
23.14863786626348
22.940966277333136
24.374504332297278
25.869716809862858
24.948406929613885
23.2155060109745
24.116605584264565
24.235478959198282
25.719037019629727
21.392899521019658
21.273165154319898
19.69483858327055
19.219244043618765
16.676085387524736
18.223644504297123
18.165731436268405
19.264451193828194
19.337193924284946
20.83083888101955
19.175315091117895
17.677316434715678
20.010515834723318
21.865417375055525
19.034457132001197
21.25028007558717
22.243290732305418
17.715598931097183
17.280776717927484
16.34044861966202
16.246754960159567
18.10201950577776
18.877731961952104
18.685644773783874
16.7107912223226
18.3799485918709
19.628462658439727
18.958460709218297
18.972797092883678
18.38692372222697
17.87308145906476
17.79407648990788
18.319305568249355
18.343469823751047
17.199903691469004
17.686571136752583
17.966805822903794
14.99309734392197
14.29702772308277
13.732429234521224
15.004237418145443
14.772856733038019
17.385237585464164
16.49235091817028
15.22586651410367
17.699942036812196
15.973745699579927
18.997290214549633
16.678198463207323
15.473834936915871
16.618105395189858
14.585757684628975
15.516785844728282
15.86975649090339
16.900912417606094
14.323706951944406
17.481159479799793
16.069752701828346
11.436625036815313
17.51212551624925
15.541015788617864
17.50812010367449
17.86545489239975
task 5 done
