==========================================
SLURM_JOB_ID = 2620211
SLURM_NODELIST = gnode090
SLURM_JOB_GPUS = 
==========================================
Host:    gnode090
Job:     2620211 (array task 4)
Env:     recovering
Config:  N=20 V=5
Actor:   hidden=128 heads=4 layers=2
M:       1.0
Steps:   12000 (warmup 1000)
Seeds:   1 2 3  (run sequentially in this task)
----
[seed 1] -> /home2/eshaan.sharma/Reinforcement-Learning-Project/paper_out/recovering_N20_V5_deeptopj_seed1.csv
iteration 1
14.066335785354525
20.61203809223487
20.3053114937689
21.890359875764574
17.75041582631827
18.014668747699623
16.80309343882438
16.63759924322212
17.525811257297036
16.16147695734305
15.893156804208001
12.50350736945867
14.62806429027436
14.849337867967765
13.822196518620517
15.151469681905034
15.546016487778804
13.241223479319153
14.804451101361487
13.705295326743938
16.000578855129717
14.891912533963994
14.20559178986948
13.409611329768254
14.3233233393973
12.936713009856941
11.83763036359793
14.059846572587315
18.48541440803696
22.580603503777898
18.888181558669768
17.27751396980809
17.903333224948522
17.79171224652522
18.09925931733092
17.83559263471722
17.663668395177382
18.050821667139886
18.833392038122177
20.041869612165545
21.60164436625278
19.102008615943873
20.52240673927819
18.068827677121227
18.025489343570115
19.73669512329085
18.60405106891065
17.27379853934937
16.355313849634182
17.752063139045635
17.910401429917076
20.925175452029638
20.56378945479587
21.28333513135839
22.046349418917107
19.477920560222337
22.260821734171355
20.540999306634603
21.45350050628058
18.17224267066038
20.60190186548524
20.37682949522361
20.42759457069822
20.8257902299613
20.523874698213405
16.07884591165104
19.02787819145064
19.69143445839008
19.53950103168267
17.71406629383268
17.720923044448277
18.064990511895864
17.561255428547152
17.236205521051044
17.336345164581225
18.931041029498896
17.746076456025584
21.462241012658705
18.036371534056485
19.19502034768957
19.122895428596266
21.703428363149104
19.28203935716756
18.22987567026421
17.19209815425141
17.438893037538065
17.24356207178318
16.70074160550024
17.95512991571914
17.182275095685114
17.34331615397065
19.2103601561261
17.500001407585504
17.009354076282527
17.443487411147682
16.621973643884974
17.333739364817504
17.26374172103596
15.852348099091907
17.719675424182068
17.5947421225158
16.95578392190078
17.32062555386165
17.85965962374801
16.845385224529522
17.577939161920312
17.271342765969663
17.22438417748572
17.048610497301453
18.004179985138173
----
[seed 2] -> /home2/eshaan.sharma/Reinforcement-Learning-Project/paper_out/recovering_N20_V5_deeptopj_seed2.csv
iteration 1
19.513175271009537
18.519005574962094
20.44273327329284
18.634880572579632
12.971858825732935
11.82118784768934
15.835988685851982
13.564353166134516
15.98220081957486
16.32144194903043
15.772799854348857
13.726846585282535
14.941005273851658
12.312900794404948
11.9164602948794
11.854625260613057
10.755035538362417
12.222707779246294
11.76474130060108
11.062887649298943
12.563190943784818
11.247683109280626
11.954982190668584
11.814578461786025
11.38170743302675
12.850674078917228
11.49601534620486
12.560629913773026
14.901459532538416
15.709901543972427
20.39387487751442
18.642206926226063
15.583371771335367
15.431740996616941
16.34216549368464
15.333419119259865
16.717567811319977
16.231056557625486
16.40584491244735
15.975294863828692
16.42668196303356
15.571500425443896
16.24700504850526
16.502661113398712
15.93481943267323
17.554738232473724
15.460028506794078
15.823281650017286
16.25058769097235
16.36703458728856
16.416660183793628
17.15030991664427
15.841597186660815
16.36749943331629
16.657993151276322
16.63851089548414
16.867639726755897
16.163700221092185
16.635803151245838
15.493383324190308
16.77171362705301
16.20373484812493
16.955975178167318
16.828306568613577
16.46487229891917
17.101491291002556
16.47842965464288
16.97674516980719
16.314988114839018
16.997602872469198
15.576706107281247
17.39008113458495
15.925026561691562
16.516848807323633
16.380117824580143
16.146801244381187
16.15301970326991
16.37476669400228
15.52338405881027
15.925312122050935
16.484299266888122
16.305696089307574
16.985381675703298
15.521854863127274
15.728350377983359
16.32458887446307
16.378823167259437
15.971061775235315
16.466004208990753
16.060153081010522
15.651656583530233
15.849994044901168
16.25795533794634
16.626732404379887
16.821443137505813
15.265097241902797
16.796437066442582
15.974853791617596
16.81448901524323
16.584490430317917
16.24531689505051
15.947739929772162
16.428775229189508
16.76807769072051
16.78802072144207
18.140968691827997
15.806289967465519
16.751393743890233
16.339763179838933
16.40305594035016
----
[seed 3] -> /home2/eshaan.sharma/Reinforcement-Learning-Project/paper_out/recovering_N20_V5_deeptopj_seed3.csv
iteration 1
19.15541667767741
21.194390395629622
20.724537914803964
20.72981205042835
18.06517053940072
15.850452128476476
16.43098558422128
19.0349663702673
16.379180676182074
19.431917721373637
19.91868625541924
20.87514241344581
18.46670019234734
16.209367249864826
16.111262310862685
15.123356009406224
14.913151708681196
17.522036994926005
14.778441800873347
13.756165295339931
11.217113665978728
15.707704856784671
10.622237190315293
9.97137563033472
11.960771184840276
12.64478711395946
14.002657580140646
14.477144136404666
11.851776198042835
13.825225715212625
10.40773166907152
9.096997859661663
10.851808097269668
7.638147342229197
10.35903601206604
10.494400291079579
10.142987953905763
10.348669487738055
8.596730374485684
9.759294392765202
10.148726533008746
11.164524962258756
11.019909996162173
11.265402514798076
10.712020899781
9.241667954017293
12.576920595863475
12.174158514718902
12.831916163569536
11.363167711182177
11.301212377122516
10.683256761651116
13.146435543235338
12.484749088636722
8.80966571636726
10.92016225451674
11.86790481701512
12.29774066733522
10.756823285985574
14.892867492334648
18.098817676491638
19.645977618813735
20.187300184346018
17.642163432412737
15.620308403711125
14.933272290369546
15.06847558324745
16.591973386171492
17.711242053503543
19.82870329095981
16.82620599461935
16.36496406203164
19.755936662123943
19.168695201787372
16.713821956662464
18.05127788365849
18.23838847038672
20.188053747437337
21.606739822898433
21.001323343505433
16.153223076051052
14.451318571173239
18.544798507892303
19.546321143508862
19.269234782497143
17.24151409583965
15.032138956704232
14.198964187722874
16.9420823594167
16.93271149322418
19.797953630771925
18.415560174586673
19.1906988822182
18.244437345555788
17.870299617222415
19.06059122714068
16.42642230772044
18.69039253006431
20.439849897082908
20.242420407131064
19.250616485512765
20.250853654755183
18.556276115462694
17.85784668223086
19.42313115520691
17.315205878013497
20.88667620760207
22.460671265160375
23.39163291940712
19.484055454874564
task 4 done
