==========================================
SLURM_JOB_ID = 2620240
SLURM_NODELIST = gnode090
SLURM_JOB_GPUS = 
==========================================
Host:    gnode090
Job:     2620240 (array task 5)
Env:     recovering
Config:  N=30 V=6
Variant: deeptopj + gated_attention + adv_normalize
Steps:   12000 (warmup 1000)
Seeds:   1 2 3
----
[seed 1] -> /home2/eshaan.sharma/Reinforcement-Learning-Project/paper_out/recovering_N30_V6_deeptopjreg_seed1.csv
iteration 1
30.31061371584126
32.039459775994075
29.041785542427746
22.821596760792932
20.840347854073226
20.137095201748217
16.14381916095978
15.461348191229595
15.815307401528342
17.04691578183424
20.969170246404506
14.650625550074631
14.619689256338347
18.12105835134746
15.418534332107548
15.985227962708507
14.917782429161607
15.223332827739448
15.161444241163144
16.189852563642052
14.490704102140498
15.887362656190385
13.093415296770058
11.289332309190033
11.577122381946817
12.544439987285468
11.832634096200989
14.473483668385214
14.832092980762633
18.7610243232336
19.30572609223594
26.335473682328594
23.89914732713801
22.675093924949707
21.876030524429144
23.47407100898273
19.531080886115426
20.9413765432837
21.209361795025373
20.37273312211331
18.408208964941245
19.7202647689587
20.736395911702218
23.4781154946134
23.613398793168514
20.704984717554648
22.13528268001063
20.83226963351862
23.368041252241586
21.185931647959343
20.06931655219812
18.765529609295555
20.23864950766224
22.07581689796841
23.183457677329475
24.008052699584695
24.401488175016247
20.875817316506776
25.73170560324697
26.937183154514422
25.826857051107872
27.027100946080445
26.087266987368306
27.0720000284453
24.629368585554406
21.68076913274681
24.02846056656019
24.26807106937481
27.14600046091238
23.816466335914857
18.83320577002419
20.342296893384706
17.747919955064287
16.725175819471033
19.44816713250378
17.471884080858498
22.234781979243948
17.702706062878775
21.530216957317776
21.266677624308745
22.919943597875353
18.42564908069035
23.024646951798868
18.088329307444784
20.435158777677152
19.10082289515772
16.682550477361527
16.794620526396404
18.64838615671272
19.995057676508424
13.701579397792035
19.691405018949975
21.166233800422205
17.827233858355527
19.142781067796804
20.007411185887165
20.418839966892193
19.337031952861132
20.505354951504277
21.101910631494786
18.19130557278496
20.17705861408643
16.70352158994562
20.693881587234383
20.801495709653032
18.578743760723782
23.34123575319175
24.658313343117086
22.938027498178535
21.00823678961774
----
[seed 2] -> /home2/eshaan.sharma/Reinforcement-Learning-Project/paper_out/recovering_N30_V6_deeptopjreg_seed2.csv
iteration 1
30.96341372607903
28.761754625565253
29.339212943710308
22.848156823491003
21.47287310180611
22.218625008359574
21.009603099345377
18.675104375864976
17.647182704292668
16.906260152195788
17.728197866075917
16.922834036473404
18.361735630456586
13.974942692398427
12.60110223919792
18.021775006237412
14.383791123634355
14.973062656371123
15.791460790314222
18.033460827563893
13.83860904412132
11.213488455310978
10.12632417924205
13.054780885123614
13.226516804987108
13.851011814195603
10.791883063677306
13.449359691082547
12.602009188070106
11.671618233887305
13.112083208058834
13.41388686591604
13.363999983953468
11.035024913360115
13.918616291234246
10.516934801741101
12.101703029681
17.912676014921853
20.828680872831647
19.145020645462154
21.418447351000097
19.33059402099644
23.512377156307384
24.14992461821099
19.434626183930725
25.237830168123086
21.54539118164889
19.104351169817317
20.40326417659929
20.816950066927944
14.732538323846263
19.990449897790555
15.155585820134123
21.310381297632404
21.246423585190925
19.343306268649272
18.269304826989472
21.475173062268542
21.1016455600282
16.91302517707079
20.292667168392594
18.894024452524985
23.14749498398066
22.96714398154683
22.909013906502476
22.06591348855337
23.75133911819567
24.157686779801907
20.44815578891916
23.070834814637013
21.39392570611918
21.067229590931575
15.992718027210232
14.244651322651666
15.043694152949003
16.679688094498257
15.966673240621015
16.16778394871701
12.558225498586442
15.387002197700747
18.10994473680531
16.88254762408453
19.481052748267498
12.894664843695377
15.934592436609496
16.125615524764385
17.170664066574012
19.16533488235214
21.01424039645251
18.72576872917104
18.239325707503887
17.93891173859643
19.370862758629272
20.351538759814286
21.028955940768814
15.566070886432328
18.26034564694561
17.00207512650777
19.21665001571611
18.97729150525131
17.044967977028797
19.094297373849848
24.45135895098316
28.482540699408126
28.482910241646376
16.621473837012903
17.76959205857373
19.465363460390723
24.536923633139562
24.033941962894506
----
[seed 3] -> /home2/eshaan.sharma/Reinforcement-Learning-Project/paper_out/recovering_N30_V6_deeptopjreg_seed3.csv
iteration 1
24.699759416840116
28.274775085877135
24.48655253584154
22.839164807500666
22.81163018514951
19.87519454346441
24.42122075158444
23.91660791251932
20.12675878076253
16.582636618632296
14.990770379202797
16.057566883402963
15.025453268424979
12.960865409026532
15.154580509961
12.713561901705953
15.350258627108067
13.690830443285135
16.63555592821479
16.115922471501356
15.530540493702023
14.235208330088163
12.547768690348116
10.901601124077594
11.1975568676997
13.256300910742814
11.718526670438134
14.045875158048798
14.53228044798547
12.64266195974097
13.702774780053616
16.19168476912807
12.180959491359701
16.7979682053768
14.801028077578316
12.840686971654726
10.615840672513595
9.829290382500364
10.1599516209635
9.239789214478286
10.198092101474547
9.39337921829873
11.997728144106325
13.234576975356227
11.892881509807614
10.360005897122205
13.943232022949225
13.736223490403637
15.315697434303921
14.709075527162765
13.40041880924735
14.878923240290483
12.94532000001627
18.644215688943763
21.115798939701662
19.34541197927059
19.626123996921674
18.967981486749817
18.07505283960808
19.933202238910024
20.24626391368249
19.381156229262636
27.713762328681536
26.22656241331548
18.080304556783247
16.95114122728158
15.559072440356786
18.370120497761445
17.828338743142286
19.19649181593687
16.053691986971977
13.885281535946666
19.196282893199342
21.212673871946812
20.213585995836276
19.669792699964063
14.621784622808452
19.554778712780497
20.314501375117114
15.469009543593666
15.614446797430755
18.757314420029264
20.209134350319534
20.84954229090411
19.811651327860414
20.8108649932942
19.23277538391361
20.330936442288483
19.343610290693846
20.347989468264583
18.210454068398608
15.525488954184693
19.00458973976656
18.452886838567252
18.055491172137053
21.301923871566476
20.623449620673487
15.519943806444706
16.35459040602197
16.04594134388241
18.202291853116535
18.963654544509538
19.028199003960125
18.29323403791067
18.638455553429317
13.950850500940938
17.128032821582227
15.791592736709095
18.895137208547293
11.402544114136887
task 5 done
