==========================================
SLURM_JOB_ID = 2620241
SLURM_NODELIST = gnode090
SLURM_JOB_GPUS = 
==========================================
Host:    gnode090
Job:     2620241 (array task 0)
Env:     line
Config:  N=10 V=3
Variant: deeptopj + gated_attention + adv_normalize
Steps:   12000 (warmup 1000)
Seeds:   1 2 3
----
[seed 1] -> /home2/eshaan.sharma/Reinforcement-Learning-Project/paper_out/line_N10_V3_deeptopjreg_seed1.csv
iteration 1
0.33148352208958287
0.8063064993368024
1.1286970717273752
1.2280144883175192
1.3056820732578314
0.7235680032649732
1.121124375063769
1.2783991429445976
1.3793837363534334
1.074457708397102
1.1826833996530963
1.343367003367003
1.3245342312008983
1.412300785634119
1.4402744617896135
1.2865064789307221
1.6642383430262222
1.9992806856443215
1.82922660952964
2.8937965513723087
2.931303948576676
2.4576471788592995
1.5614304662789513
2.3644464850525453
2.514146515661666
2.64779818385879
2.412316090194878
2.191940618304255
2.4687256402407916
3.259946944189368
3.7428058361391705
4.106891133557802
4.169542903785326
4.002886440159167
4.029116416692175
3.918005305581062
3.660799918375676
3.6919967350270384
3.8334353637383938
3.553734312825224
3.9191153963881242
4.062224262830323
4.142719110294869
4.111429445974901
3.9777655341291704
4.0043679216406485
4.008671564126111
3.846431996735026
3.8390633608815454
3.643024181205998
3.5728864401591687
3.6764697479848985
3.634706662585452
3.556933986327924
3.5070278543005804
3.176240179573513
3.0122099785736163
2.9411784511784513
3.0013243546576867
3.0113743495561693
3.593594531170289
3.9769411284562786
4.123944495459648
4.108785838179779
4.106106519742884
4.143395571880419
4.342818079787778
4.3635363738394055
4.33850423426181
4.318929701050914
4.329375573921028
4.333002754820935
4.352331394755636
4.368510356086112
4.367423732272216
4.368196102438526
4.385182124273035
4.421815120906031
4.4184491378430755
4.4953290480563215
4.433317008468523
4.397546168758291
4.415506580961126
4.551321293745536
4.617822671156003
4.530115294357721
4.471939598000204
4.509869401081521
4.098685848382815
3.3781063156820736
3.190372410978473
3.1038394041424353
3.0184532190592783
2.985055606570758
2.957709417406387
2.934744413835321
3.1063636363636364
2.73795224977043
2.8075073972043674
2.5709192939495966
3.0140934598510363
3.5634363840424452
4.142823181308026
4.535294357718601
4.543169064381188
4.54283746556474
4.512142638506276
4.422952759922458
4.31310376492195
4.050566268748089
----
[seed 2] -> /home2/eshaan.sharma/Reinforcement-Learning-Project/paper_out/line_N10_V3_deeptopjreg_seed2.csv
iteration 1
0.5303367003367003
1.0453576165697378
0.6469574533210897
0.5453708805223958
0.5385634118967454
0.5310692786450363
0.5223824099581678
0.7380930517294156
0.8093031323334356
0.8658473625140292
0.8987338026731964
0.9804030200999898
0.9886266707478829
1.1582338536883998
1.5692990511172327
1.3198663401693704
1.421244770941741
1.2673247627793085
1.8325446383022146
2.2537026833996534
1.8694000612182438
2.1646168758289974
2.9991745740230598
3.6166207529843892
4.0193143556779924
4.260146923783286
4.2462748699112325
4.334105703499643
4.382718089990817
4.5105632078359355
4.568818487909398
4.606827874706663
4.589028670543823
4.58665646362616
4.662358942965001
4.673275176002448
4.66644015916743
4.61530762167126
4.5024436282012035
4.539143964901542
4.576999285787163
4.7150025507601265
4.772432404856646
4.700565248444036
4.663861850831548
4.572125293337413
4.3605938169574525
4.249252117130907
4.1417773696561575
3.9860065299459246
3.8478481787572703
3.9148699112335463
3.7980553004795423
3.7371574329150095
3.7248127742067134
3.6990398938883784
3.4840353025201516
3.340497908376698
3.344747474747476
3.3066207529843887
3.228521579430671
2.9505162738496065
3.0376696255484137
3.14944291398837
3.0108958269564345
2.678567493112947
2.1772298745026024
2.5568186919702076
2.9796214671972248
3.4031711049892874
3.817661463116008
3.576982960922355
3.5237863483318046
3.706353433323129
3.815261707988983
3.8580542801754922
3.8717028874604638
3.903983267013571
3.9175012753800633
3.9229966329966333
4.307994082236506
4.626742169166411
4.673448627691052
4.696255484134271
4.720106111621263
4.732920110192839
4.74213651668197
4.661470258136923
4.655950413223137
4.692842567084989
4.725089276604426
4.65986940108152
4.841237628813388
5.162127333945515
5.104628099173556
5.070910111213142
5.021369248035914
4.967670645852463
4.9851923273135395
4.867733904703601
4.7746189164371
4.632394653606776
4.380742781348844
4.067862463013978
3.709854096520763
3.510988674625038
3.2098867462503824
3.0982736455463744
2.9516641159065404
2.9414223038465472
----
[seed 3] -> /home2/eshaan.sharma/Reinforcement-Learning-Project/paper_out/line_N10_V3_deeptopjreg_seed3.csv
iteration 1
0.31654014896439153
0.4310080604019999
0.5053810835629018
0.47297622691562075
0.5520038771553923
0.6174869911233549
0.5739710233649629
0.7266085093357826
1.158784817875727
1.043860830527497
1.4963544536271811
1.1515590245893277
2.0509794918885835
2.720102030405061
2.9821559024589335
3.0047933884297526
3.00620038771554
3.0009958167533926
3.0037659422507916
3.024639322518112
3.0416743189470465
3.370466278951127
3.8517212529333738
3.9339965309662284
4.543002754820938
4.999317416590144
4.989675543311906
4.933563922048769
4.895860626466686
4.759514335271909
4.723305785123966
4.728440975410671
4.708295071931435
4.692093663911845
4.6229292929292924
4.3406397306397295
4.241685542291602
3.8145627997143134
2.5610029588817476
1.6528527701254976
1.3837996122844607
1.5550341801856953
2.484504642383431
2.475349454137334
1.442330374451587
1.870754004693398
2.8388715437200283
3.3120773390470357
3.302761963064994
3.1904621977349246
2.959659218447097
2.7247240077543107
2.4424966840118354
2.329729619426589
1.9863748597081934
1.8846791143760846
1.7734965819814301
2.5692551780430573
2.7108244056728905
2.520828486889094
2.519351086623814
2.44806754412815
2.1828966431996744
2.01833588409346
1.9279226609529638
2.3990429548005303
3.1530935618814415
3.127680848892972
3.1643342516069777
3.11712274257729
2.998722579328639
2.9282399755127035
2.8244107744107736
2.789837771655955
2.3815906540148957
2.2946485052545653
2.1197694112845635
2.5800816243240483
2.9250841750841756
2.772739516375882
2.5976206509539836
2.662298745026019
2.7385113763901656
2.7449403122130387
2.8900030609121505
2.5670584634220996
2.5967993061932457
2.5482552800734624
2.6863820018365474
2.229112335475971
2.2640638710335677
2.8837424752576273
3.4298510356086114
3.2672982348739907
3.0666340169370456
3.0935731047852277
2.895136210590755
2.404898479746964
2.242979287827774
2.0821028466483016
2.207775737169678
2.985723905723905
3.544880114274053
4.032934394449545
4.362415059687787
4.4455463728190985
4.173998571574329
3.102479338842976
2.394660748903174
2.1037669625548414
task 0 done
