==========================================
SLURM_JOB_ID = 2619826
SLURM_NODELIST = gnode091
SLURM_JOB_GPUS = 
==========================================
Host:    gnode091
Job:     2619826 (array task 4)
Mode:    aug
Seed:    2
Out CSV: /home2/eshaan.sharma/Reinforcement-Learning-Project/benchmark_out/rewards_aug_seed2.csv
[C1] joint-summary actor parameter count (per arm): 29697
iteration 1
0.7351239669421489
1.3740424446485056
1.533434343434343
1.3827058463422097
1.1839353127231924
1.23057137026834
1.3582440567289056
1.4254657687991021
1.4946076930925423
1.530852974186307
1.513464952555862
1.5782624222018165
1.7137363534333239
1.9536271808999077
2.3184379144985208
2.231861034588307
1.9436149372513012
1.853657790021426
1.9446760534639334
2.2245311702887456
2.334938271604939
2.3177175798387917
2.540998877665545
2.546925823895521
2.4330170390776455
2.524902560963166
2.7301714110805024
2.774573002754821
2.600180593816957
2.7247780838689937
2.7677216610549933
2.8455331088664417
3.1274196510560133
3.195208652178348
3.144041424344453
3.1532119171513124
3.027825732068156
2.536843179267421
2.636938067544126
2.8652759922456905
3.0612427303336385
3.4118457300275473
3.489217426793184
3.7036108560350987
3.732831343740433
3.7476410570349965
3.7522375267829813
3.702295684113865
3.8106111621263126
3.8419661259055204
3.89339557188042
3.9866595245383145
4.059231711049893
4.121989592898681
3.891734516886032
3.787940006121827
3.8478491990613204
3.934390368329762
3.9909815324966833
4.199378634833182
3.9845944291398827
3.584224058769514
3.337903275176002
3.681863075196407
3.75544434241404
3.6882736455463747
3.8258718498112434
3.6771839608203267
3.593070094888276
3.81426895214774
3.9308550147944086
4.037341087644118
3.918888888888887
3.8881124375063774
4.0789266401387625
4.141073359861239
4.194888276706459
4.074165901438627
4.0429956126925815
4.108143046627894
4.284114886236099
4.160996837057443
4.131503928170596
4.04919293949597
3.9816079991837587
4.1511243750637705
3.9218120599938806
3.6847791041730438
3.7239924497500256
4.0050382614018964
4.000860116314662
3.9766105499438824
3.9893694520967244
4.173161922252832
4.053857769615347
3.798217528823591
3.6674176104479126
3.8291021324354655
3.854255688195083
3.7645352515049484
3.8240526476890113
3.843349658198142
3.7749790837669623
3.708363432302824
3.4952953780226483
3.381780430568309
3.675916743189471
4.080459136822773
4.244400571370268
4.316768697071728
