==========================================
SLURM_JOB_ID = 2620196
SLURM_NODELIST = gnode090
SLURM_JOB_GPUS = 
==========================================
Host:    gnode090
Job:     2620196 (array task 1)
Env:     line
Config:  N=20 V=5
Actor:   hidden=128 heads=4 layers=2
M:       1.0
Steps:   12000 (warmup 1000)
Seeds:   1 2 3  (run sequentially in this task)
----
[seed 1] -> /home2/eshaan.sharma/Reinforcement-Learning-Project/paper_out/line_N20_V5_deeptopj_seed1.csv
iteration 1
1.352573206815631
2.65863789409244
4.32351086623814
5.009162330374452
5.007100295888176
5.0107101316192235
5.051786552392614
5.051612080399959
5.07717477808387
3.413777165595346
1.86000102030405
1.8695816753392516
2.716564636261605
2.1330833588409344
1.9448229772472203
1.659077645138251
1.5175451484542402
1.8826099377614534
3.6489562289562314
3.2020773390470354
2.4498173655749422
2.946023875114784
3.4780012243648604
3.635151515151515
3.5105632078359346
2.9925242322212036
2.278062442607897
2.7927527803285392
2.925154576063668
3.2197490052035507
3.727589021528416
3.5834618916437084
3.3508641975308637
2.818727680848893
3.31530864197531
4.230188756249363
3.0946148352208955
3.04379961228446
3.934393429241913
4.448981736557494
3.276230996837057
2.965043362922151
4.480586674829101
4.813649627589021
3.7609845934088377
3.1655473931231506
3.7400479542903797
4.381925313743496
4.096383022140597
3.3662738496071842
3.1740842771145803
4.537510458116518
5.056659524538314
5.550245893276196
5.352981328435874
5.348988878685849
5.1910152025303535
5.421319253137435
5.117969594939294
4.990322416079994
5.001750841750841
4.692924191409041
4.789606162636464
4.690589735741252
4.239469441893686
4.057027854300584
4.282149780634629
4.2345791245791276
3.935740230588715
3.47803387409448
4.601049892868074
5.94257524742373
6.1478410366289165
5.653143556779921
5.294938271604939
5.356885011733497
5.217076828895009
5.263285379042956
5.930315273951639
6.582416079991839
6.6548780736659525
6.842314049586773
6.4754861748801185
5.556780940720334
5.305511682481382
4.9800938679726565
4.884191409039895
4.991852872155904
5.763942454851547
6.263247627793082
6.8778185899398
7.105214774002652
7.007666564636262
7.128258340985613
7.103502703805734
6.936975818794
6.802932353841445
6.497457402305887
6.382997653300686
6.3027680848892995
6.208986838077748
6.854491378430769
7.367744107744105
7.6636914600551
7.718310376492192
6.8640628507295185
6.024261810019384
6.229864299561266
6.501187633914904
6.802718089990815
----
[seed 2] -> /home2/eshaan.sharma/Reinforcement-Learning-Project/paper_out/line_N20_V5_deeptopj_seed2.csv
iteration 1
0.5534496479951028
0.297956330986634
0.6309090909090912
0.8384583205795326
0.9786746250382613
0.8519895928986843
0.9899010305070912
0.8177838996020818
0.8799785736149373
0.9321456994184271
0.9315131109070508
1.3578634833180292
1.3253106825834104
1.7299367411488615
1.4873094582185493
1.264732170186716
1.2901601877359454
1.7013692480359148
1.9846209570451998
1.9414753596571783
2.87557800224467
2.2575482093663926
1.6828088970513213
1.6728619528619524
1.8952790531578398
2.114372002856851
2.795639220487705
2.9318926640138745
2.5712478318538934
1.9645505560657062
1.907154372002857
2.537593102744617
3.435149474543414
4.726028976635037
5.581729415365777
6.191872257932863
5.531875318845015
6.228225691255993
6.489682685440261
6.789157228854196
7.386521783491479
7.481070298949086
6.854459749005201
7.073464952555862
7.572819100091829
7.944268952147741
7.900562187531888
8.128999081726352
8.01592694622998
8.132398734822978
8.273703703703706
8.295658606264666
8.411215182124273
8.630630547903277
8.64050709111315
6.527405366799307
4.085683093561883
3.462580348943985
4.259067442097742
4.903519028670549
4.926722783389451
4.4793980206101445
4.549312315069892
4.406898275686157
4.204242424242423
3.9498326701357005
3.58334659728599
3.1632251811039693
3.612623201714111
4.100429548005306
4.823671053974087
5.1190174471992655
3.689587797163557
2.995993265993265
3.4847944087338045
4.066756453423123
4.981317212529332
5.641017243138456
6.022695643301706
6.422347719620446
5.512219161310068
3.2441138659320483
3.779554127129887
5.243669013365983
6.496358534843382
5.784784205693296
3.7494225079073558
3.369338842975207
4.200498928680747
4.897218651158047
5.445115804509742
5.976347311498824
6.61895928986838
7.006076930925413
7.1044209774512765
7.56863075196409
7.852359963269057
7.85082644628099
7.677207427813487
7.506870727476785
7.283129272523214
7.1835904499540835
6.894869911233546
6.53819610243853
6.124275073972044
5.382830323436389
4.841678400163249
4.772545658606268
5.314648505254566
5.881820222426284
----
[seed 3] -> /home2/eshaan.sharma/Reinforcement-Learning-Project/paper_out/line_N20_V5_deeptopj_seed3.csv
iteration 1
1.1832425262728292
4.334258749107236
5.005004591368229
5.000795837159473
5.003204775022957
5.006000408121621
5.005380063258852
5.005798387919601
5.004589327619631
5.004002652790532
5.007646158555249
5.005960616263647
5.029000102030408
5.050936639118456
5.040510152025303
5.052098765432099
4.224281195796348
3.6581644730129583
3.376407509437813
3.166580961126416
2.127518620548924
2.5625415773900624
2.466476890113253
2.715523926129986
3.0799867360473403
3.7248352208958266
2.9627323742475262
3.962596673808794
3.7461901846750347
3.263309866340171
3.439832670135702
3.470153045607592
3.1034098561371297
2.8343862871135603
2.125903479236813
1.5857616569737787
1.7843240485664724
2.970014284256708
3.715674931129476
3.487474747474747
2.919252117130905
3.0767217630854
2.992296704417917
2.739257218651157
2.6768635853484337
2.8005387205387207
2.4944689317416597
2.252273237424754
1.8166054484236305
2.3505581063156815
3.059756147331905
4.223864911743702
4.940993776145293
5.530152025303539
5.500186715641259
4.7379859198041006
4.469188858279767
4.215068870523416
4.295412712988469
4.0947801244770945
3.5522038567493097
3.251431486583002
4.646352413019081
4.718597081930416
4.45623405774921
4.122574227119684
4.775413733292521
5.464729109274564
5.838318538924599
5.718245077032959
5.216373839404141
5.025292317110497
4.994640342822163
5.134649525558616
4.755718804203652
5.310640750943783
5.812174267931844
6.384112845627993
6.764403632282422
6.635803489439854
6.268414447505355
6.273610856035097
6.3745444342413995
6.243013978165492
5.908284868890928
5.71356290174472
5.705617794102643
5.6875828997041085
5.708224670951944
5.674564840322416
5.547747168656265
5.649326599326598
6.345847362514028
6.78169982654831
6.963444546474851
7.421583511886545
7.655236200387717
7.544868890929496
7.423871033568004
7.414999489847975
7.127724721967148
6.765663707784918
6.461140699928577
6.398886848280791
6.224329150086727
5.888785838179783
5.558052239567391
5.53699112335476
6.006617692072239
6.231437608407304
task 1 done
