==========================================
SLURM_JOB_ID = 2620197
SLURM_NODELIST = gnode090
SLURM_JOB_GPUS = 
==========================================
Host:    gnode090
Job:     2620197 (array task 2)
Env:     line
Config:  N=30 V=6
Actor:   hidden=128 heads=4 layers=2
M:       1.0
Steps:   12000 (warmup 1000)
Seeds:   1 2 3  (run sequentially in this task)
----
[seed 1] -> /home2/eshaan.sharma/Reinforcement-Learning-Project/paper_out/line_N30_V6_deeptopj_seed1.csv
iteration 1
1.4609274563820016
1.9262789511274365
0.912220181614122
0.6079665340271402
0.8108070605040303
0.9873716967656361
0.9769452096724828
1.140646872768085
1.1059728599122542
1.1900632588511375
1.2367248239975515
1.260808080808081
1.3086664626058564
1.2607958371594736
1.334441383532293
1.2376635037241106
1.5990511172329354
1.6222161003979196
1.9102050811141718
1.87055402509948
2.9909325579022537
2.617783899602082
2.0447576777879806
2.6731251913070095
2.1640771349862256
2.871433527191103
2.7250811141720224
2.8544209774512797
2.9098020610141813
3.948966431996734
4.082033465972861
3.70719212325273
5.163275176002449
5.083040506070811
3.3680104071013166
4.231884501581469
5.794352617079891
7.076650341801858
6.773630241812063
6.392916028976634
6.030607080910112
5.937364554637283
4.831632486480971
4.192830323436384
5.717054382205897
7.133479236812572
8.206469747984903
8.297886950311192
7.074419957147228
6.210763187429856
7.431558004285276
8.80533925109683
8.165333129272527
4.833179267421691
4.19462197734925
4.190908070605042
5.2928007346189165
5.938464442403837
5.474504642383433
4.9360453014998456
5.390326497296195
6.125122946638104
6.488702173247626
7.063845525966734
7.316855422916031
7.9365819814304635
8.767992041628405
9.265927966534026
9.061027446178961
8.72640546882971
8.405181103968978
7.699180695847359
6.986142230384655
6.512949699010309
6.042690541781451
5.886533006836037
5.525596367717582
5.671576369758188
5.496867666564636
5.185266809509233
5.03228344046526
4.806321803897564
4.239858177736966
5.455850423426181
6.931391694725029
7.890958065503517
8.736035098459338
9.390285685134169
10.086292215080093
10.57426793184369
10.75112335475972
10.842337516579942
10.861339659218448
10.93921436588103
10.967861442709918
10.952155902458935
10.977985919804107
10.99142842567084
10.99198347107437
10.996141210080614
10.994543413937361
10.994889297010507
10.994777063564957
10.999780634629133
10.995653504744421
10.996036118763397
10.99513825119886
10.988711355984087
11.00322314049587
10.997259463320084
----
[seed 2] -> /home2/eshaan.sharma/Reinforcement-Learning-Project/paper_out/line_N30_V6_deeptopj_seed2.csv
iteration 1
0.2770513212937456
0.8817110498928682
0.935216814610754
0.7277726762575252
0.6938689929599023
0.5926078971533518
0.7678440975410674
0.7584950515253546
0.9277787980818283
0.956483011937558
1.0859106213651673
1.2371808999081728
1.2000877461483526
1.2147015610651974
1.4021181512090601
1.2471288644015919
1.5062707886950308
1.8409652076318748
1.8958177736965616
1.6272778287929799
1.989164370982554
1.689401081522294
2.1360014284256703
1.830009182736456
2.6087062544638315
2.345443322109989
2.6638557290072447
2.627952249770432
1.9743485358636876
2.429239873482297
2.4874910723395574
2.098550147944087
2.0420467299255183
2.7150127538006323
3.1487154372002872
4.502398734822979
4.472567084991328
3.026753392510969
2.1031527395163767
3.1318691970207118
4.728330782573209
6.2622375267829815
7.637809407203345
8.490450974390368
7.657028874604634
8.396860524436285
9.180068360371388
9.160292827262522
9.304250586674835
9.544649525558617
9.618398122640542
9.68337822671156
9.67416896235078
9.947501275380063
10.158886848280787
10.231076420773395
10.298253239465364
10.27439751045812
10.284268952147741
10.316374859708198
10.259239873482297
10.28608509335782
10.260755024997449
10.231826344250585
10.16808080808081
10.176315682073259
10.284386287113557
10.32963473114988
10.316880930517298
10.304635241301913
10.337484950515252
10.322039587797162
10.379487807366594
10.325015814712788
10.241417202326293
10.30028670543822
10.38989796959494
10.40658708295072
10.307407407407409
10.316275890215284
10.29970003060912
10.259091929394963
10.275415773900622
10.295713702683404
10.32237526782981
10.222851749821446
10.254609733700642
10.25381083562902
10.26177328843995
10.280163248648098
10.307670645852461
10.33392510968268
10.341993674114887
10.308696051423322
10.196356494235282
10.141894704621977
10.21558310376492
10.224653606774822
10.279093970003064
10.320108152229368
10.308444036322822
10.29301295786144
10.30425568819508
10.265900418324657
10.225348433833284
10.2293286399347
10.269609223548617
10.301337618610344
10.339072543617995
10.360223446587083
----
[seed 3] -> /home2/eshaan.sharma/Reinforcement-Learning-Project/paper_out/line_N30_V6_deeptopj_seed3.csv
iteration 1
1.0892378328741972
3.3467656361595757
4.420289766350372
3.8351453933272124
3.251274359759208
2.1306846240179578
1.4909345985103564
1.8383460871339663
1.6804030200999895
1.4315437200285681
1.918141006019794
1.4299377614529138
1.70231915110703
1.7525079073563927
1.9522875216814612
1.8281869197020706
1.6479175594327111
2.57678910315274
2.3315314763799613
1.9687327823691465
2.0654055708601162
2.809621467197226
2.2249933680236715
3.0024630139781663
2.6558626670747882
3.119990817263543
3.830947862463014
3.7492031425364742
3.225216814610753
3.2558259361289656
3.451264156718705
3.587892051831444
3.44077237016631
3.1625446383022124
2.985525966738089
2.7926905417814516
2.782112029384757
3.5337802265074982
3.5195510662177334
3.103570043873073
3.34559534741353
3.941977349250075
4.6205479032751775
4.934983164983165
5.416802367105398
5.839527599224572
6.406165697377821
6.250014284256708
4.6867860422405885
3.784131211100907
3.322457912457913
3.3250892766044298
2.957488011427405
3.219824507703296
3.7948117539026627
4.4880308131823305
5.130937659422508
5.687184981124375
6.813293541475358
7.548138965411693
6.602770125497398
6.673426181001936
7.202166105499438
7.61815222936435
8.167582899704112
8.59055504540353
8.9405060708091
9.324527089072541
9.80786144270993
10.040867258443017
10.183019079685748
10.407661463116007
10.476891133557803
10.479168452198756
10.450249974492394
10.500626466687072
10.532951739618406
10.546773798591977
10.612482399755127
10.634385266809506
10.662664013876135
10.691428425670853
10.714881134578103
10.71385981022345
10.699155188246097
10.694815835118863
10.738722579328641
10.710699928578714
10.748392000816246
10.727175798387911
10.746931945719826
10.7716773798592
10.778538924599532
10.780184675033157
10.741545760636665
10.726462605856547
10.726198347107438
10.77492500765228
10.786627895112742
10.811477400265275
10.804536271808997
10.823338434853579
10.808300173451688
10.839916335067848
10.8286450362208
10.823985307621673
10.825096418732787
10.815262728293032
10.836823793490458
10.796740128558312
task 2 done
