==========================================
SLURM_JOB_ID = 2619808
SLURM_NODELIST = gnode091
SLURM_JOB_GPUS = 
==========================================
Host:    gnode091
Job:     2619808 (array task 2)
Mode:    base
Seed:    3
Out CSV: /home2/eshaan.sharma/Reinforcement-Learning-Project/benchmark_out/rewards_base_seed3.csv
iteration 1
0.9654280175492299
1.956451382511989
2.1172880318334872
2.1365891235588217
2.223744515865728
2.2134833180287723
2.686471788593002
2.7913202734414866
2.83882358942965
2.858759310274462
2.8349311294765847
2.865465768799103
2.8467309458218555
2.8698234873992448
2.9053872053872043
2.8420630547903265
2.53531068258341
2.4448076726864616
2.4807244158759314
2.5885185185185184
2.774364860728498
2.9210907050300987
2.8433323130292827
2.6801979389858186
2.574997449239873
2.5390500969288863
2.541016222834404
2.5052178349148058
3.030883583307826
3.181569227629833
3.4606785021936535
3.380781552902765
3.5948637894092443
3.977181920212222
4.088962350780532
3.5501418222630337
3.306531986531987
3.8370737679828584
3.7212325272931306
3.440835629017447
3.2382338536883988
2.9498755229058258
2.745572900724417
2.562108968472606
2.4114600550964194
2.332929292929293
2.199880624426079
2.531960004081216
2.8569717375777977
2.8957830833588405
2.763170084685235
2.6682083460871326
2.614076114682175
2.7123201714110796
2.6581889603101723
2.1365789205183154
1.9133710845832068
1.92712580348944
2.4878461381491688
2.7531476379961224
2.7663677175798385
2.623436384042445
2.55057239057239
2.608398122640546
2.5875420875420887
2.4602999693908787
2.421845730027548
2.247415569839812
2.249473523109887
2.6538240995816746
3.047566574839301
2.9452708907254377
2.980376492194674
2.970717273747576
2.9545087235996323
3.010777471686561
2.9021079481685557
2.8536486072849723
2.753388429752066
2.6021079481685545
2.4511682481379453
2.6272370166309558
2.6330098969492908
2.951204979083767
3.185883073155801
3.339225589225589
3.3742158963371076
3.3410835629017446
3.2952892561983465
2.944746454443425
2.9468309356188147
2.981577390062238
3.037458422609938
3.0554637281910004
3.050927456382003
2.996504438322621
2.8518498112437514
2.8746413631262113
2.9118671564126095
2.781757983879196
2.837069686766658
2.7786899295990213
2.788862360983573
2.803225181103969
2.6956035098459346
2.732510968268544
2.9303897561473327
2.8402152841546764
2.7893368023671052
2.8956922762983366
