==========================================
SLURM_JOB_ID = 2619796
SLURM_NODELIST = gnode091
SLURM_JOB_GPUS = 
==========================================
Host:    gnode091
Job:     2619796 (array task 0)
Mode:    base
Seed:    1
Out CSV: /home2/eshaan.sharma/Reinforcement-Learning-Project/benchmark_out/rewards_base_seed1.csv
iteration 1
0.6491817161514131
1.0256035098459337
0.8156126925823891
0.4951811039689828
0.4734118967452302
0.4541720232629325
0.4382767064585246
0.49658810325477
0.4212947658402205
0.3728721559024591
0.43776655443322104
0.49877461483522084
0.3819793898581778
0.5208560350984596
0.4612661973268037
0.49946229976533035
0.6726007550249977
0.8177512498724624
0.6316365676971737
0.967245179063361
1.0370554025099485
1.097568615447403
1.300815222936435
1.062745638200184
0.8449127640036737
0.9329384756657488
0.9282409958167536
1.0960534639322521
1.3166666666666667
1.2704887256402406
1.345262728293032
1.2110315273951635
1.2956861544740337
1.6591817161514137
1.9293918987858383
1.9399000102030406
2.0856351392715027
2.0912406897255384
2.1885613712886443
2.1178604224058786
2.1360391796755436
2.0077890011223354
2.0365983062952764
2.1413345576981944
2.3808948066523836
2.393756759514335
2.581316192225284
2.4980930517294158
2.579274563820018
2.491653912866034
2.510366289154167
2.6062779308233854
2.655346393225182
2.8506029996939075
2.7973808795020925
2.762813998571573
3.051703907764514
2.997325783083359
3.005163758800123
2.919446995204571
3.1140689725538215
3.2416875828997034
3.2797316600346913
3.2109141924293443
3.029531680440771
3.0410947862463025
2.8345077032955817
2.5475706560555036
2.612507907356392
2.735513723089481
2.5640179573512905
2.2907213549637784
2.248616467707377
2.2972553821038666
2.446786042240589
2.632049790837669
2.352048770533618
2.3868666462605854
2.6672502805836147
2.4549464340373426
2.1968431792674217
2.117238036935007
2.81536169778594
2.991948780736661
2.8177604326089174
3.1036894194469937
2.9730078563411904
2.5126905417814505
2.1663615957555358
2.201313131313131
2.9110111213141523
3.2504836241199877
3.545618814406692
3.5602601775329052
3.4738710335680025
3.545670849913273
3.3487970615243348
3.3499704111825315
3.2375777981838576
3.1977288031833497
3.054029180695849
2.899166411590654
2.99566370778492
2.746764615855525
2.4856851341699824
2.6244138353229256
2.5947097234976026
2.603215998367513
2.5176481991633506
2.5813855729007247
