==========================================
SLURM_JOB_ID = 2620248
SLURM_NODELIST = gnode090
SLURM_JOB_GPUS = 
==========================================
Host:    gnode090
Job:     2620248 (array task 2)
Env:     line
Config:  N=30 V=6
Variant: deeptopj + gated_attention + adv_normalize
Steps:   12000 (warmup 1000)
Seeds:   1 2 3
----
[seed 1] -> /home2/eshaan.sharma/Reinforcement-Learning-Project/paper_out/line_N30_V6_deeptopjreg_seed1.csv
iteration 1
0.8236628915416792
2.358524640342823
2.438091011121315
3.1504652586470763
3.327871645750435
3.518104275073972
3.527963473114988
2.506438118559331
1.4619283746556473
1.3746607489031728
1.439590858075707
1.6894878073665944
1.8760197938985828
1.6609437812468117
2.2729721456994185
2.033897561473319
2.352159983675136
2.857743087440056
3.5542689521477397
2.5805019895928982
2.7191755943271096
3.22294051627385
3.30796551372309
2.625704519946944
2.2319273543515963
2.6108795020916227
2.8291786552392613
3.674532190592798
3.988301193755742
2.126433017039078
2.6587470666258555
3.509273543515967
3.8368278747066635
4.275814712784409
4.789483726150393
5.805210692786449
5.722996632996631
5.007095194367924
4.889922456892155
4.66746148352209
4.030355065809611
3.7004632180389776
4.5286603407815536
5.146696255484135
5.56618304254668
6.368198143046624
6.9382603815937145
7.5375757575757545
7.877357412508932
8.212087542087543
8.23556677890011
8.267830833588409
7.997590041832467
7.721907968574634
7.407257422711966
7.271544740332619
6.9584899500051
6.438428731762066
5.9781063156820755
5.14776349352107
4.8318518518518525
4.909973472094686
4.832482399755127
4.349358228752169
4.577169676563618
5.412181410060198
6.112527293133357
7.108297112539536
7.702809917355372
8.062899704111823
8.393093561881441
8.619736761554941
9.058349148046116
9.201158045097436
9.400458116518722
9.664145495357618
9.989808182838487
10.231890623405771
10.339587797163556
10.180362207937968
10.203831241710029
10.420819304152637
10.477291092745636
10.527822671156002
10.660360167329861
10.73308539944904
10.801781450872362
10.87416182022242
10.908321599836746
11.098804203652694
11.257025813692474
11.010233649627587
10.891257014590348
10.913951637588
10.920033670033671
10.771348841954905
10.624519946944185
10.341656973778184
10.302764003673094
10.206261605958574
9.917907356392202
9.835286195286198
9.841915110702995
9.585677992041632
9.223652688501174
9.04712172227324
8.648298132843589
8.230309152127331
8.07742781348842
7.3042965003571005
----
[seed 2] -> /home2/eshaan.sharma/Reinforcement-Learning-Project/paper_out/line_N30_V6_deeptopjreg_seed2.csv
iteration 1
0.2263942454851546
0.6393143556779922
0.5355473931231508
0.6981491684521989
0.9595224977043163
1.055120906029997
0.9111478420569331
1.1315906540148968
1.4502183450668291
1.5898449137843078
1.5512019181716152
1.4390837669625551
1.7146740128558309
1.7710131619222529
2.0263013978165487
1.8080124477094177
1.8338557290072433
1.9178022650749915
2.022816039179676
2.1311815120906035
2.106350372410978
1.9925936128966435
2.39579736761555
2.286892153861851
2.010529537802265
1.8076584022038573
2.3570064279155187
1.8828660340781571
2.2023283338434863
2.1025017855320884
1.887156412610959
1.7576175900418323
2.0845383124171013
2.7487940006121825
1.8718987858381795
3.2756718702173244
3.2475094378124694
1.9964207733904704
2.449055198449139
2.8136210590756043
2.208312417100297
2.564791347821651
3.3703601673298635
4.180321395775941
4.4037588001224375
4.43181410060198
4.63440363228242
5.348651158045097
6.09264054688297
6.93230282624222
7.480726456484032
7.958230792776245
8.416062646668705
8.934700540761149
9.367518620548925
9.837856341189672
10.111255994286298
10.25502907866544
10.506898275686153
10.72851851851852
10.871453933272106
10.92544536271809
10.94417202326294
10.95471686562595
10.958694010815222
10.960833588409349
10.953018059381696
10.95643301703908
10.961794714825025
10.971542699724518
10.968647076828898
10.956117743087441
10.967345168860327
10.97064177124783
10.969795939189884
10.9732619120498
10.96734006734007
10.97308029792878
10.974056728905211
10.975142332415064
10.972115090296908
10.970939700030613
10.971805938169574
10.968991939598004
10.975887154372003
10.974195490256102
10.980635649423526
10.977505356596266
10.981568207325777
10.979964289358227
10.980887664524015
10.984149576573818
10.978965411692686
10.976956433017035
10.973491480461185
10.976782981328425
10.975835118865415
10.974760738700136
10.977826752372199
10.98409856137128
10.978490970309153
10.979122538516469
10.978877665544335
10.97837057443118
10.97609835731048
10.975454545454545
10.967076828895015
10.970152025303543
10.979033772064067
10.97874910723395
----
[seed 3] -> /home2/eshaan.sharma/Reinforcement-Learning-Project/paper_out/line_N30_V6_deeptopjreg_seed3.csv
iteration 1
1.0651372308948068
3.6598755229058257
5.111533516988062
5.812115090296908
5.986946229976536
6.00959697990001
6.009604122028366
6.00761656973778
6.00398326701357
6.092209978573614
6.004006734006734
6.9401438628711345
8.097590041832467
6.95559432710948
4.615341291704928
2.380696867666565
1.2461238649117434
1.5883828180797885
1.681016222834405
1.8473104785226002
2.1343577186001426
2.418539944903582
2.193988368533823
2.674307723701663
2.6507162534435262
2.3705693296602393
2.446417712478318
2.489996939087847
2.2395071931435564
2.887687991021326
3.2591511070298975
2.4510815222936433
2.7132557902254866
3.3857086011631456
3.032445668809305
2.3370207121722277
3.118711355984083
2.931002958881747
3.5477910417304357
4.122892561983471
3.860772370166311
3.6694612794612795
3.258846036118764
3.062600755024998
3.8880338740944795
3.9985032139577585
3.0048362411998784
4.05245383124171
4.2336118763391495
4.98751045811652
5.696145291296805
6.532276298336905
6.8750188756249395
6.215858585858583
4.856367717579838
3.472058973574127
3.6518192021222347
4.062877257422711
5.52850219365371
6.5749341903887375
6.026617692072235
4.69833894500561
3.4819936741148876
3.7622579328639945
4.313212937455362
4.9028619528619535
5.653876135088256
6.360476481991629
7.326452402816038
6.776878889909194
5.140027548209368
4.064354657687991
3.7810162228344057
3.2021171309050103
3.235504540353028
4.101395775941231
5.1194102642587485
5.889096010611168
6.486159575553522
6.961082542597691
7.41710641771248
7.869417406387104
8.344718906234057
8.76980002040608
9.292664013876133
7.264553616977861
4.679165391286605
3.5253912866034085
4.271992653810837
4.99527803285379
5.675151515151515
6.067520661157025
6.645674931129476
7.121694725028057
7.514646464646464
7.810636669727579
8.302514029180697
8.735164779104165
9.135699418426691
9.653255790225487
9.008497092133453
7.991348841954903
6.728426691153963
5.554313845525965
4.555046423834304
4.235870829507193
5.3808764411794705
7.031471278440974
8.007389041934497
8.239873482297725
task 2 done
