==========================================
SLURM_JOB_ID = 2620242
SLURM_NODELIST = gnode090
SLURM_JOB_GPUS = 
==========================================
Host:    gnode090
Job:     2620242 (array task 1)
Env:     line
Config:  N=20 V=5
Variant: deeptopj + gated_attention + adv_normalize
Steps:   12000 (warmup 1000)
Seeds:   1 2 3
----
[seed 1] -> /home2/eshaan.sharma/Reinforcement-Learning-Project/paper_out/line_N20_V5_deeptopjreg_seed1.csv
iteration 1
1.3419161310070402
3.011288644015918
3.5818385878991954
4.983839404142435
5.032953780226509
5.064150596877873
5.055190286705441
5.358345066829915
5.307647178859298
3.8938638914396493
2.931401897765534
3.0663003775124986
3.9711937557392103
2.488678706254465
2.970969288848077
4.70069074584226
3.352081420263238
2.3009845934088373
2.835135190286706
2.959725538210389
2.6977441077441076
3.9683307825732084
4.215287215590244
3.917826752372209
2.7970084685236203
2.28428527701255
2.8361707988980713
3.4552688501173354
3.7051015202530375
3.3488541985511686
3.770207121722273
4.312107948168555
3.788249158249157
4.938223650647894
6.131863075196409
7.00700744821957
7.409955106621775
6.892503826140189
5.981835526987044
5.404711764105704
4.833274155698398
4.651897765534128
4.301441689623507
4.432298745026019
5.072496684011835
5.675583103764925
6.508702173247627
7.088012447709413
7.570813182328334
7.876412610958064
8.177406387103353
7.6369125599428616
5.74626568717478
4.161070298949087
4.16505764717886
4.921016222834406
5.659754106723804
6.263958779716352
6.742155902458933
7.214994388327723
7.66875522905826
8.010040812162025
8.202038567493112
8.466002448729721
8.391985511682481
7.537538006325882
6.1423915926946195
4.164847464544434
3.152309968370574
3.3746974798489955
4.1335547393123155
4.606694214876034
5.151127435975924
5.8172319151107015
6.127897153351698
6.502716049382717
6.8811264156718694
7.3793623099683705
7.709468421589636
7.971543720028572
8.279073563922047
8.536925823895519
8.87574227119682
8.969535761656976
8.74414753596572
8.552360983573108
8.418917457402307
8.274827058463423
8.115165799408222
7.891606978879707
7.715486174880116
7.557407407407407
7.3896000408121605
7.261614121008057
7.169266401387615
6.960602999693906
6.81089378634833
6.216599326599326
6.181063156820731
6.091021324354658
5.835235180083663
5.936257524742372
5.638795020916238
5.320008162432402
5.1636108560351
4.989600040812164
4.829410264258749
4.772326293235384
4.655646362616059
4.518134884195491
----
[seed 2] -> /home2/eshaan.sharma/Reinforcement-Learning-Project/paper_out/line_N20_V5_deeptopjreg_seed2.csv
iteration 1
1.6401632486480973
2.991461075400469
2.0044087338026735
2.623104785225998
3.01346087133966
3.003004795429039
2.4771043771043764
2.0822130394857665
2.238670543822059
2.611620242832365
3.319003162942558
3.0546525864707674
2.296028976635037
1.8562054892357926
2.2201142740536683
2.020431588613407
1.855163758800121
2.3949107233955704
2.8812223242526285
3.362638506274869
3.3203203754718915
3.0683675135190294
2.732497704315885
2.3036414651566175
2.329187837975718
3.6427844097541073
3.121553923069075
2.8454739312315076
2.322260993776146
2.2399826548311395
2.1550035710641766
1.9975308641975302
2.56934292419141
2.5349015406591167
1.9181695745332106
1.891375369860218
3.7095898377716567
4.453100704009795
3.354640342822161
1.7909968370574427
2.5494459749005203
3.4900408121620243
4.55851953882257
5.328841954902565
5.685313743495563
5.833716967656362
4.532618100193855
2.4737281910009186
1.7722140597898175
2.0653851647791037
2.786362616059586
3.771609019487808
3.318566472808898
1.7477420671360067
2.354940312213039
3.2514141414141426
3.880818283848587
4.602092643607793
5.18183042546679
5.868379757167633
6.492433425160694
7.097785940210185
7.529281705948369
7.927903275176001
8.118898071625342
8.296428935822874
8.568999081726353
8.391146821752878
8.186169778594019
8.113152739516375
7.896933986327918
7.592884399551066
7.4299459238853185
7.1709478624630165
7.075074992347721
6.732294663809816
6.501135598408322
6.255222936435054
6.023265993265989
6.086987042138557
6.178395061728395
6.2685715743291555
5.905764717885933
5.655056626874808
5.486579940822372
5.820091827364552
5.648988878685855
5.344958677685951
5.2052372206917665
4.99349352106928
4.811450872359966
4.485003571064178
4.189065401489644
3.4799959187837977
2.8071390674420984
2.6508458320579535
2.8709631670237727
2.8068431792674233
2.746170798898072
2.65065503520049
2.541349862258952
3.13872155902459
3.809724517906338
4.480863177226814
5.074152637485972
5.8887664524028205
6.320419344964798
6.827792062034491
7.344176104479138
7.8623140495867805
----
[seed 3] -> /home2/eshaan.sharma/Reinforcement-Learning-Project/paper_out/line_N20_V5_deeptopjreg_seed3.csv
iteration 1
1.2837312519130704
4.468353229262319
5.0058585858585865
5.000795837159473
5.003204775022957
5.006000408121621
5.005380063258852
5.005798387919601
5.050624426078973
5.0040016324864816
5.003605754514846
5.003972043669014
5.0068074686256505
5.0028017549229675
5.008985817773697
5.4758585858585835
4.586045301499845
1.5215692276298327
1.5443873074176102
1.5551168248137943
2.0814049586776857
2.554126109580656
1.9133619018467498
2.6645821854912763
2.880163248648096
2.926134067952249
3.320848892970106
2.52737781858994
2.669486787062545
2.61977859402102
2.509529639832669
2.9260106111621282
3.8510978471584543
4.3298459340883575
3.2222538516477925
2.7629537802265083
2.9254106723803694
3.6201091725334145
4.376093255790223
5.38953066013672
4.436673808795022
3.281828384858686
3.18929088868483
3.269280685644322
3.9425303540455054
4.5383195592286505
5.055334149576572
5.435270890725437
5.684385266809508
5.596943169064382
5.293105805530052
4.909425568819509
4.657272727272726
4.50967860422406
4.430842771145802
4.485134169982655
4.3744985205591265
4.060829507193147
3.5946964595449447
3.705272931333537
3.566139169472503
3.575714722987451
3.520359147025814
3.2061412100806037
2.8359106213651684
2.694149576573819
3.507152331394756
4.389350066319763
4.99171002958882
5.736267727782877
6.258929701050915
6.430327517600245
6.185586164677077
5.78505560657076
5.315828997041116
5.317381899806142
5.305956535047442
5.245033159881647
5.1837883889399015
4.925092337516579
4.833560861136619
4.512912968064482
4.562855831037649
4.774900520355066
4.504195490256097
4.175309662279359
3.9805346393225176
4.004444444444446
4.10452096724824
3.76403530252015
3.443268033874095
3.0497459442914
3.675064789307214
4.238972553821039
4.860746862565044
5.4416059585756535
5.990409141924292
6.441487603305783
6.15158249158249
6.017093153759819
5.514658708295072
5.291756963575146
4.938712376288135
4.689314355677991
4.590024487297216
4.500243852668096
4.175525966738089
4.34668911335578
4.2448372615039265
3.8742260993776165
task 1 done
