==========================================
SLURM_JOB_ID = 2619813
SLURM_NODELIST = gnode091
SLURM_JOB_GPUS = 
==========================================
Host:    gnode091
Job:     2619813 (array task 3)
Mode:    aug
Seed:    1
Out CSV: /home2/eshaan.sharma/Reinforcement-Learning-Project/benchmark_out/rewards_aug_seed1.csv
[C1] joint-summary actor parameter count (per arm): 29697
iteration 1
1.058189980614223
1.7962789511274355
1.9305315784103667
2.0385185185185177
2.0881869197020713
2.4488480767268634
2.0636139169472494
1.9877634935210693
2.0762605856545253
2.1406693194571984
2.3601316192225297
2.6755218855218863
2.801616161616161
2.7891011121314166
2.9059187837975715
2.825741250892767
2.4940495867768604
2.50794918885828
2.7392561983471073
2.8555902458932767
2.9244434241403936
2.9521834506683002
2.879079685746352
2.7574951535557584
2.835387205387207
2.8780685644322017
2.8944168962350796
2.8866074890317317
2.7866595245383134
2.8460412202836447
2.8700683603713917
2.652220181614121
2.7285348433833287
3.0159085807570665
3.0775196408529752
2.93800224466891
3.1386052443628203
3.1365585144373025
2.8686093255790217
2.724624017957351
3.0607387001326396
3.0387797163554744
2.9038118559330686
2.7983318028772586
2.8004244464850516
3.057867564534232
3.096864605652485
3.0979410264258753
2.993289460259159
2.812401795735129
2.534751555963677
2.469813284358739
2.4429588817467605
3.0342352821140706
3.4806468727680833
3.4241006019793923
3.1923885317824716
3.05322722171207
2.9285654525048477
2.9449811243750643
2.9107438016528935
2.82875624936231
3.3553423120089785
3.37788286909499
3.0904295480053072
2.5447515559636775
2.577547189062341
2.961338638914396
3.3101489643913893
3.667168656259568
3.887666564636264
3.756076930925415
3.7050484644424024
3.621701867156411
3.2808009386797248
3.0282675237220684
2.9790358126721763
2.740496888072646
2.7712621161106035
2.5909774512804824
2.8411560044893385
3.474111825323947
3.7719406183042543
3.7219946944189375
3.551980410162228
3.3926068768493014
3.332370166309561
3.278746046321804
3.2653749617386
3.1482501785532104
3.0740577492092656
3.0911845730027547
3.057610447913479
3.085319865319865
2.9558004285277026
2.5036465666768706
2.5911478420569334
3.194249566370778
3.7348699112335475
3.7587746148352217
3.7160432608917455
3.6630507091113156
3.392465054586266
3.314161820222426
3.4773033363942445
3.386828895010715
3.4228803183348644
3.410092847668605
3.255369860218346
3.40306091215182
