==========================================
SLURM_JOB_ID = 2620195
SLURM_NODELIST = gnode090
SLURM_JOB_GPUS = 
==========================================
Host:    gnode090
Job:     2620195 (array task 0)
Env:     line
Config:  N=10 V=3
Actor:   hidden=128 heads=4 layers=2
M:       1.0
Steps:   12000 (warmup 1000)
Seeds:   1 2 3  (run sequentially in this task)
----
[seed 1] -> /home2/eshaan.sharma/Reinforcement-Learning-Project/paper_out/line_N10_V3_deeptopj_seed1.csv
iteration 1
0.38448525660646865
1.1333261912049795
0.7523548617488014
0.9506774818896031
0.7130874400571371
0.9324538312417101
1.7345464748495056
2.2146750331598812
2.6445791245791246
2.980672380369349
3.0533486378940937
3.13198347107438
3.5889541883481284
3.1651800836649318
2.2616579940822366
2.043122130394858
2.02238649117437
2.05006529945924
1.4613784307723696
2.0856279971431495
2.6055769819406187
2.5359116416692173
2.5557667584940327
2.659720436690134
2.7119651056014686
2.2919824507703295
2.0290817263544536
1.9635220895826953
2.42551168248138
2.713172125293338
3.2087664524028168
3.538010407101316
3.559166411590654
3.418590960106111
3.590508111417201
3.758043056830935
3.44030200999898
3.6171166207529843
3.6947801244770937
4.1033853688399144
4.036228956228957
3.9786766656463626
3.92331190694827
4.003509845934089
3.9476216712580334
4.026763595551476
4.004495459646976
3.960174471992656
3.4617936945209675
3.3450974390368327
3.276500357106417
3.2255861646770727
3.4731670237730823
3.8758647076828883
3.9149647995102543
3.6623120089786743
3.8690011223344554
3.9310519334761747
3.934507703295582
4.127050300989694
4.0881226405468825
4.10381389654117
4.17687378838894
4.187282930313234
4.066699316396287
4.0322416079991825
4.410811141720232
4.815259667380879
4.86438730741761
4.827825732068156
4.806920722375269
4.82242016120804
4.831486583001735
4.834417916539131
4.934168962350783
5.080806040199979
5.051652892561983
5.070086725844304
5.055281093765942
5.157474747474749
4.933195592286502
4.526897255382106
4.443422099785734
4.445924905621876
4.334457708397101
4.3509631670237745
4.297438016528925
4.233155800428527
4.238143046627898
4.009051117232933
3.941382511988572
3.8825385164779123
3.7100928476686037
3.578760330578512
3.4994949494949505
3.511264156718703
3.3584552596673807
3.258006325885113
3.363589429650036
3.6419824507703287
4.0450147944087345
4.456431996735025
4.6577890011223335
3.9873982246709523
3.8802856851341705
3.6963932251811036
3.7220048974594433
3.6402591572288547
3.634672992551781
3.664664830119376
----
[seed 2] -> /home2/eshaan.sharma/Reinforcement-Learning-Project/paper_out/line_N10_V3_deeptopj_seed2.csv
iteration 1
0.4054525048464442
1.3198112437506382
1.4201010101010103
0.7287980818283853
0.3253688399142945
0.2993204775022958
0.3516345270890727
0.3684154678094073
0.46011427405366817
0.7157647178859304
0.6955514743393532
0.8437802265074995
0.6851821242730337
0.738886848280788
0.8130456075910624
0.6616722783389448
0.8282899704111826
1.126141210080604
1.090849913274156
0.9152362003877156
1.5453494541373332
2.3264554637281902
2.8388817467605336
3.1750841750841756
3.4478838893990407
3.2838047138047135
3.386576879910214
3.9250902969084787
4.1675808590960095
4.238785838179778
4.474553616977859
4.5155729007244165
4.715046423834304
4.94747678808285
4.983707784919907
4.989553106825839
4.993011937557393
4.994427099275581
4.890944801550863
4.710648913376188
4.628292011019283
4.6197500255076
4.622145699418427
4.61951331496786
4.520490766248343
4.575889194980103
4.6300632588511395
4.616245281093767
4.852884399551068
4.831807978777676
4.646446280991737
4.521185593306807
4.401420263238443
4.319953066013671
4.3117569635751485
4.182764003673094
4.193736353433324
4.077520661157025
4.02595143352719
4.0477288031833485
3.8332598714416886
3.872565044383225
3.8600632588511377
3.8530200999897954
3.608234873992451
3.424481175390267
3.0231088664421977
2.9904713804713787
3.1104836241199876
2.8777390062238566
2.6464962758902146
2.557701254973982
2.9546464646464643
3.6580940720334634
4.21544230180594
4.638426691153963
4.883617998163452
4.995734108764417
5.419106213651666
5.311424344454647
4.53371492704826
3.7056932966023863
3.5334016937047243
4.199602081420263
4.630465258647075
4.934852566064688
5.179734720946843
5.1304509743903655
5.056635037241097
4.885446383022139
4.784041424344455
4.8026885011733516
4.822701765126009
4.6493306805428025
4.539175594327107
4.608922558922557
4.7186368737883875
4.775149474543415
4.74889194980104
4.75275788184879
4.546609529639833
4.374431180491786
4.2611549841852865
4.0040036730945845
3.9389715335169875
3.7240179573512915
3.7073135394347485
3.5472380369350067
3.390892766044282
3.1999428629731663
----
[seed 3] -> /home2/eshaan.sharma/Reinforcement-Learning-Project/paper_out/line_N10_V3_deeptopj_seed3.csv
iteration 1
0.24865421895724943
0.32075910621365183
0.4443944495459647
0.6362197734925009
0.7593214978063463
1.4527486991123362
1.7149168452198749
1.6272798694010806
1.4370992755841243
1.445642281399857
2.2382134476073854
2.6198316498316503
2.795416794204672
2.866729925517805
2.985405570860117
3.2556412610958048
3.048107335986123
2.364936230996836
2.340793796551372
2.7916345270890734
2.727330884603612
2.6768207325783084
2.660571370268339
2.530685644322009
2.4089735741250893
2.165317824711764
1.8792664013876144
1.8602101826344253
1.6099999999999992
1.8083868992959884
1.7354474033261902
1.5788256300377503
1.656133047648199
1.619833690439751
1.3556035098459345
1.514334251606979
1.6075543311906952
2.533307825732069
3.3298336904397505
4.083610856035096
4.505947352310987
4.735043362922151
4.867515559636771
4.875598408325681
5.025421895724928
5.342252831343741
5.3506172839506165
5.170717273747576
5.061678400163249
4.895340271400876
4.096898275686153
3.3202336496275895
2.474655647382921
1.4283960820324462
1.8377665544332213
2.731589633710846
3.476112641567188
4.047073767982859
4.606833996530966
4.8817314559738785
4.939686766656464
5.0047352310988655
5.252527293133356
4.661895724926027
3.875013774104681
3.0695602489541884
2.3081593714927053
2.696107540046933
3.2780165289256167
3.6943638404244457
4.147908376696257
4.49307417610448
4.779837771655955
4.957189062340576
4.98033568003265
4.990124477094176
4.986317722681361
5.179975512702785
5.506189164370981
5.544219977553313
5.532257932863993
5.567453321089686
5.572858891949799
5.4135822875216855
5.275198449137839
5.30505458626671
5.349398020610142
5.341298847056425
5.3095714722987495
5.175217834914805
5.200119375573923
5.229727578818494
5.29508723599633
5.410320375471895
5.380557086011632
5.384212835424958
5.394373023160905
5.420456075910627
5.397612488521585
5.439429650035712
5.372922150800939
5.431543720028566
5.534267931843691
5.444054688297111
5.3447250280583605
5.228487909396998
5.116841138659318
5.181293745536169
5.353772064075093
5.385504540353028
task 0 done
