==========================================
SLURM_JOB_ID = 2620202
SLURM_NODELIST = gnode090
SLURM_JOB_GPUS = 
==========================================
Host:    gnode090
Job:     2620202 (array task 3)
Env:     recovering
Config:  N=10 V=3
Actor:   hidden=128 heads=4 layers=2
M:       1.0
Steps:   12000 (warmup 1000)
Seeds:   1 2 3  (run sequentially in this task)
----
[seed 1] -> /home2/eshaan.sharma/Reinforcement-Learning-Project/paper_out/recovering_N10_V3_deeptopj_seed1.csv
iteration 1
10.354774103645543
10.009303774635002
11.641104054098555
11.44972495952963
11.957055927407339
11.482947879438637
11.636911268058281
10.781526849209275
11.156632261136847
10.310065766679664
9.766830098881673
9.515319964456063
10.478739507033438
10.628857311970354
9.860431410296568
8.893323805593045
8.809557156294414
9.206376948147515
8.262604055621855
8.965108218782893
7.820124299321335
7.96294447185208
7.739796111112703
8.995001688109777
10.541128022816457
9.925470348956457
9.701852015245068
10.989372238157499
11.025874227012848
10.587788677774135
9.476833222771102
11.434860231297543
11.98359395815388
11.971510239306483
12.80968640641258
12.2743333725736
13.03879205513822
10.335060001671543
11.068718756551998
9.652411532855481
8.638335323660906
9.97217893717997
9.418920064695103
10.585488731127187
11.930988071896088
11.736119110648191
12.199688490765693
11.810069215918091
10.823262015345286
12.16570461471328
11.838092288522976
10.666870917880125
11.121236737986381
11.485959024718134
11.602122722261154
11.441653696497593
10.621233621255637
10.073420439657621
10.379849058553015
11.86286442269833
10.962350223277966
8.308170016342531
10.290725793356508
10.988312572631799
11.41187807395144
10.769968467391825
8.651493239975206
11.587314551461946
12.337000583835225
11.463701857162986
10.679684732268154
10.443707284162508
11.944997601437752
11.762369900812557
11.528895896847803
11.58955865156998
11.467082321194338
11.70586594343448
11.416587997619036
11.715029567373488
11.434882491277769
11.388578071083748
11.978486197908051
11.404420805275599
9.62435074017462
10.740414793069638
11.50781501857312
11.155773827278509
11.955105800413637
8.324403187339785
9.704582146586517
8.984960483596197
11.48427516880294
11.346071346574789
11.668623847272713
11.324370285951755
9.049457343790362
10.231461625617358
6.975782835261259
11.042580697628111
9.861453934604047
11.706827255778801
11.57583996129574
11.677223346182991
11.798064419893981
11.227310511954059
11.576626167307529
11.436478344200575
10.948244566573045
10.663157300676133
----
[seed 2] -> /home2/eshaan.sharma/Reinforcement-Learning-Project/paper_out/recovering_N10_V3_deeptopj_seed2.csv
iteration 1
8.496501011229816
12.26403044363586
12.245319034082481
12.006125529908736
12.919297405637955
12.554135370574972
11.068949956568003
11.983475208724752
10.099325591822437
9.674169610533212
9.452648018053603
11.662927075342282
9.305986552711163
11.790402472320523
9.32355318377535
9.226838086806163
11.258546127515537
11.429319111316804
9.458328326968344
10.934341001743672
9.831517054946238
9.166620664046842
9.153988200919695
9.365604238724705
9.399686530390996
9.97008988749938
8.638910135687766
9.708568332047482
9.016393606608958
9.742034047159644
11.3330519595947
8.32346238903091
6.5231325022951445
7.488166800229622
9.152225638677521
6.805599546654445
8.87813212546543
7.69527041743091
8.040733837119722
9.531866926706662
8.762490528523767
6.458968487859739
7.502635842817042
9.53573844452169
9.69474668480117
9.617880783191389
10.918876488186136
8.774293413846252
9.733416397526918
9.45665026867521
8.888247439882253
10.269561838965183
7.802673984295153
8.25937398433197
11.473682175837318
11.643995443661343
10.009835259277434
9.35029745669638
11.04726977644838
11.07153666140507
11.18279174182813
11.22332829991959
11.797213864345501
11.775734560190195
11.451696374880184
11.138624403776145
9.132783690763613
11.413962923629727
11.612931562514078
11.408612983770599
11.347400381817677
12.061924283872967
11.331280935022479
10.426929630873548
8.2667708092095
11.696840785673622
11.4254136218554
11.014911883485265
6.553603851271607
10.592923314979481
11.608847162202581
11.729096297543476
10.913487152287692
11.085024572176655
11.1775023900138
11.569750145351405
10.48231593062499
7.442179148862087
10.557181757886662
11.369399361442875
10.963886331752583
9.813729496957768
8.589150872724229
10.735992391582556
10.512540376939867
8.299122697601947
9.533226761512877
9.112984595094895
11.369936328969652
10.620455431365551
8.966105644805422
10.690545471768381
10.745749254060556
11.788716916674657
11.404312965196466
10.986997399711832
10.618585758265938
10.959375863118199
11.182155866611817
8.634646772850708
----
[seed 3] -> /home2/eshaan.sharma/Reinforcement-Learning-Project/paper_out/recovering_N10_V3_deeptopj_seed3.csv
iteration 1
11.268975229109353
12.249462874520589
11.43929717235364
11.685243916089625
13.17780850251421
13.17342931009847
13.057019600608784
12.66855133924458
13.285929528384274
12.547408649815752
12.01659617281846
12.036331949287986
12.042448388366887
12.302376304901102
11.576084016010013
12.352737971254594
12.524857852505399
11.742482178369553
11.021129187694912
11.081278298021486
11.834989788228246
10.323347106799488
11.552660634101583
8.447191837681885
10.077582853535851
8.835139665070972
9.077082562722106
8.315073437715139
9.063962200666362
9.394811849550035
9.804807766619119
10.291981712342528
11.395473107431355
10.886074913103453
7.091726025860878
11.098070157524516
9.63831290772776
9.644091351100677
6.80670951676207
11.493116563562383
11.238273508998441
11.231274412204062
11.117393375618208
10.166653065891076
11.33759817053098
9.33074588163489
9.299263875743076
10.232231073718385
11.326820453385622
11.598607888372634
11.495113567543413
9.05107383675144
11.721621131345946
11.636739567728164
10.573216971973963
8.984919190434107
10.378246554599132
8.718380798737337
10.949021911325165
11.074392094598554
10.62644778029764
8.324006262870375
10.61206888840575
9.266438096721904
11.29338133006241
11.138975915662158
11.214857920027265
7.182508055264991
8.302310762172041
8.696431739521124
10.792944882180475
11.450021804550245
11.596376237653766
11.587251037302295
11.33657116032237
9.597829501629347
6.585668282998615
9.247764973948208
8.189571699707797
11.00805992616214
10.429917349565693
11.219804476746063
9.2832284262677
9.214319826199091
9.573451395977937
9.364206528620873
10.98251962755092
11.060792053590488
10.522566074386297
10.61612530606952
11.052961032207685
10.392809324990871
11.444603226130322
8.813743235830866
9.010889901596416
9.023110132504097
9.489252731869923
9.93199945397437
7.48771910092611
8.432344757931334
8.76307627844708
10.396530870785305
8.69721612475309
8.614325665952324
10.265155565965747
7.793606573810789
8.428872426374804
6.057381394710555
9.04876857392658
9.044190536723288
task 3 done
