==========================================
SLURM_JOB_ID = 2619803
SLURM_NODELIST = gnode091
SLURM_JOB_GPUS = 
==========================================
Host:    gnode091
Job:     2619803 (array task 1)
Mode:    base
Seed:    2
Out CSV: /home2/eshaan.sharma/Reinforcement-Learning-Project/benchmark_out/rewards_base_seed2.csv
iteration 1
0.9516886032037551
1.085946332006938
1.4049321497806349
1.4436088154269975
1.4266493214978064
1.6141199877563517
1.76882358942965
1.6581348841954908
1.5387450260177529
1.572848688909295
1.5346536067748178
1.6400081624324059
1.5196051423324155
1.4869625548413432
1.5209896949290884
1.849083766962555
2.1154116926844204
2.2067125803489445
2.303006836037138
2.403992449750025
2.3892715029078664
2.4890480563207826
2.587551270278542
2.8837098255280087
3.1170298949086814
3.155999387817568
3.2099051117232933
3.4549484746454446
3.5597347209468415
3.3137649219467393
3.269646974798491
3.256413631262116
3.307628813386391
3.378852157943067
3.2818151209060304
3.2143250688705236
3.205070911131516
3.1834669931639628
3.2124885215794308
3.249952045709621
3.245912661973268
3.279520457096214
3.2211804917865536
3.273880216304458
3.2957249260279564
3.1460024487297216
3.2985634118967444
3.4585093357820624
3.1553555759616363
3.060463218038974
2.977289052137536
2.9467472706866653
3.0271033568003265
3.153926129986737
3.050951943679215
3.116649321497805
3.1859534741352924
3.220290786654422
3.4133486378940923
3.4648607284970923
3.47623609835731
3.4168952147740033
3.495790225487194
3.406867666564636
3.573021120293847
3.657366595245382
3.717042138557291
3.677865523926132
3.9359891847770636
4.090468319559226
4.165940210182633
4.120920314253647
4.115416794204672
4.108877665544332
4.177440057137026
4.246350372410978
3.9326181001938583
4.017407407407407
4.183207835935109
4.185845321905927
4.251654933170084
4.438067544128151
4.524079175594327
4.739286807468624
4.616394245485155
4.4913172125293315
4.6171604938271615
4.588611366187123
4.48502193653709
4.4326323844505655
4.315585144373022
4.178408325681053
4.255018875624936
4.614850525456588
4.4926925823895525
4.372842567084992
4.445254565860628
4.351856953372103
4.17559534741353
4.105788184879095
4.3220977451280485
4.334459749005203
4.472173247627794
4.812358942965004
4.779019487807368
4.131044791347821
3.5026446280991723
3.4361891643709823
3.4997398224670957
3.4598153249668413
