==========================================
SLURM_JOB_ID = 2620159
SLURM_NODELIST = gnode090
SLURM_JOB_GPUS = 
==========================================
Host:    gnode090
Job:     2620159 (array task 5)
Env:     recovering
Config:  N=30 V=6
Beta:    5.0
Steps:   12000 (warmup 1000)
Seeds:   1 2 3  (run sequentially in this task)
----
[seed 1] -> /home2/eshaan.sharma/Reinforcement-Learning-Project/paper_out/recovering_N30_V6_difftopv_seed1.csv
iteration 1
27.297188171676304
29.56231838118924
30.34090242952415
31.71797564429255
31.8801730537895
32.88923194052934
32.85295230964348
33.117767580868886
32.88148143731162
33.260836302186256
33.32514846521347
33.44053580762169
33.78043480997299
33.85339952998887
33.81298197729183
33.826717067397944
34.021761949678854
33.8012716715785
33.793967873963226
33.90723197036342
33.95950713677221
34.07599552928602
34.07319130813461
34.729129345891245
34.38140072151861
34.565521244146126
34.596468914359804
34.49955663014674
34.39944658538183
34.621312833491366
34.48090636262753
34.6274557743591
34.460107212307854
34.77726361594069
34.450874392605414
34.483834928023704
34.528930381213506
34.59883882758516
34.518264420669254
34.61292298205473
34.447592004089664
34.53942692870105
34.56245940318897
34.69905980437934
34.506450973172875
34.560135926611736
34.43424052687322
34.89309413122422
34.35800622690746
34.70436719093604
34.7133016981908
34.69406204088368
34.61270515396773
34.633375714303874
34.650339672434576
34.52064747149741
34.595514633911165
34.58099921767122
34.72377159786647
34.69897364669065
34.848915636158466
34.783983309849766
34.84876150353554
34.6740073139395
35.000877661451625
35.12259067269255
35.09825380050049
35.09494035387607
35.232588000193175
35.343427103496545
35.415713815559336
35.2000679978659
35.54123024867959
35.63719737892932
35.72730099876665
35.381897611085826
35.71161380924478
35.66340163110654
35.84726686666318
36.19319681384915
35.87725727565476
36.1829293731638
36.16856247115864
36.00305784489588
36.37090753056495
36.058751273162414
36.215365855815314
36.162257538138356
36.091090928700936
36.10180793707756
36.30731462527435
36.303588813225815
36.389973683672245
36.19191787335162
36.14083778693797
36.15235571415804
36.273810675670305
36.17563615665437
36.225671994694146
36.36158278438993
36.370174124044254
36.392169340591124
36.3352633338361
36.40343311255071
36.250097903274735
36.14674948001986
36.45179501984639
36.33262692315997
36.34176725030978
36.340049663299354
----
[seed 2] -> /home2/eshaan.sharma/Reinforcement-Learning-Project/paper_out/recovering_N30_V6_difftopv_seed2.csv
iteration 1
27.66418174874133
28.81259567634995
29.649554505339882
30.382647857302203
31.27428562039562
31.931560238981845
32.09993234026093
31.63647881903132
32.33464926213735
32.33638823698611
32.34692595683649
32.903426508798496
32.567453549776026
33.17165780446325
32.94015214117667
32.96455697218945
33.20976945239306
33.37076361343503
33.77359390147707
33.89356602971584
34.01606291009128
34.02524003560751
34.25552345436775
34.31613127698424
34.53957541470916
34.73946560437721
34.804683645683305
35.084640517196
35.0761351495212
34.95734085744503
35.170881502915314
35.3966067356352
35.07320530054122
35.49213866853497
35.42075949335446
35.48765306191003
35.66061689518744
35.62944179240858
35.90176385570829
35.75739034456872
35.767325996421924
35.975163642443576
35.802790679538276
35.80518962263386
35.680545794351936
35.74578860345617
35.72005089337124
35.59391856928007
35.015254719443035
34.59032981254349
34.56186573550986
34.55857785578278
34.77645066378871
35.02163624585499
35.137912230905
35.110232128869214
35.321987576585116
35.44996681585292
35.55959290314593
35.38404208970018
35.51527461616061
35.568975223113064
35.45393378145606
35.405150426634464
35.532475095275444
35.41701429117147
35.49378639526978
35.39515778075156
35.47962773304525
35.20853305267408
35.31070105359806
35.30614235938325
35.46267494572578
35.411370227076425
35.5342942495882
35.49865556218734
35.43883511591387
35.50061314909829
35.55910308323917
35.663154203290794
35.60167971278778
35.66431437078861
35.60036673882788
35.734072452899966
35.73130588137364
35.72070594905094
35.912607864461414
35.782163221485824
35.8145396695164
35.866548262755906
35.81690719129718
35.89737730436909
36.04220020076175
35.849045735467115
35.92264786079333
35.83723592188216
35.75165181164236
35.68620909729599
35.90288286041192
35.953031968628785
35.718463628453044
35.863992123964515
35.81735926210215
35.855330925569184
35.98459436759955
36.02627796211629
35.908044452081214
36.01728531422109
36.049044966323635
35.84860494499252
----
[seed 3] -> /home2/eshaan.sharma/Reinforcement-Learning-Project/paper_out/recovering_N30_V6_difftopv_seed3.csv
iteration 1
28.552041895228143
27.821782799086215
27.97931734165506
28.52793964435188
28.444538789010277
29.936098303742142
30.68481379197223
31.774390133748692
32.23327250106944
32.76459916343734
33.095143508154145
33.33443723893652
33.42212587515864
33.76281880009245
33.99799546411693
34.10864966399614
34.61537840977731
34.72276851530258
34.89211476887551
35.182629933225826
35.04140385941267
35.25873485016601
35.34877449782558
35.6222248084565
35.67459702878498
35.542448422194276
35.55837985333498
35.64503297189054
35.68918670539526
35.78866745996097
35.801381963412005
35.64677134772686
35.708266413804175
35.71225905137443
35.84651716846374
35.48555462758629
35.9424252105846
35.69175989812875
35.60736155105578
35.560310978266486
35.50944814428745
35.501980072572884
35.40038982704446
35.92167808188369
35.394306470755474
35.55478353375674
35.39348402195019
35.68943426143009
35.43903465871577
35.40370644000248
35.576400850342466
35.444291509495955
35.47937034832816
35.39491374053332
35.439645492902486
35.31375550087785
35.254985159343626
35.409765002876405
35.40576212113234
35.47974938630055
35.257566037878085
35.29462828562572
35.278205918225716
35.20522256453029
35.35566016818377
35.402340492977316
35.351782905957094
35.37937013133105
35.43374793334001
35.51115829781786
35.4701262572176
35.33169736684677
35.26855611057846
35.79616802591161
35.42756208234101
35.67550344127715
35.37369885492049
35.48962209757585
35.47919956689568
35.423482549268044
35.30927300202066
35.420240473785
35.34347595655698
35.263979948913274
35.31674847347702
35.678171901008966
35.38322187636519
35.44726552669293
35.662794685755266
35.54789228250056
35.454391252980955
35.45986884355378
35.60819139489783
35.61596253209607
35.49869707666003
35.745854353810785
35.670307068640916
35.55388523058387
35.59620205360701
35.56965257255084
35.64109310861964
35.7014868925963
35.651986747124845
35.83004603569122
35.49444366420454
35.8705116792648
35.75348411355356
35.73194978444432
35.73088028959141
35.662525384248944
task 5 done
