==========================================
SLURM_JOB_ID = 2620178
SLURM_NODELIST = gnode090
SLURM_JOB_GPUS = 
==========================================
Host:    gnode090
Job:     2620178 (array task 3)
Env:     recovering
Config:  N=10 V=3
Beta:    5.0
Steps:   12000 (warmup 1000)
Seeds:   1 2 3  (run sequentially in this task)
----
[seed 1] -> /home2/eshaan.sharma/Reinforcement-Learning-Project/paper_out/recovering_N10_V3_difftopv_seed1.csv
iteration 1
11.534521290493922
11.430238311428898
11.70479596551111
12.704253755660986
13.443330641613287
14.052913967020329
14.391493992574429
14.835621266643248
15.198874923152452
15.379891517641363
15.636657524040997
15.811379328622031
15.901983874280276
15.66806769118634
15.776366229236917
15.698659095611355
15.792307039489334
15.85635513222441
15.810998621392605
15.991616520335247
15.947013101652864
15.867095989915232
15.899493075295197
15.9697400205052
16.10951205229492
16.061264988279177
16.04826397366068
16.254453172354143
16.1781087932021
16.223366893396545
16.218391283179404
16.278085862729117
16.394057451527946
16.167949837630232
16.313708004580334
16.260122098322054
16.15856873672305
16.118640341688877
16.113488786350047
16.055588114860228
16.047667109721097
16.135531436705364
16.2218307093092
16.053886528090597
16.121923914408693
16.200199819113177
16.07103011787948
16.137903623809347
16.225762682049567
16.277757277491254
16.28647371480439
16.329474313327122
16.29386138521946
16.27091856061205
16.265675071386088
16.231672284485395
16.249989313862002
16.23749193228417
16.30096421066731
16.174507375444943
16.1081946584641
16.140070133733825
16.213956679596944
16.26467049999705
16.343306689278577
16.201127811124557
16.378652404603418
16.38846780730966
16.36103161194082
16.4310097600051
16.361333885983292
16.313711832178818
16.482730662106952
16.41864847604031
16.4596201341761
16.482341920887034
16.423267473677523
16.516852503412153
16.383998838516128
16.416154620747726
16.46070169785584
16.416257615050014
16.550124123605215
16.511553471712883
16.529614098957282
16.48816514418256
16.49449624185456
16.47063137600713
16.457629728131693
16.38232537379923
16.57024913167224
16.628195250332766
16.539471957819686
16.587818499818617
16.591267544511474
16.578686533175535
16.569436583939435
16.56614996472271
16.450401167477096
16.567705030424012
16.56589544347998
16.571470201652005
16.639142906305082
16.618683844894118
16.663715999905683
16.577758550402713
16.628286690239232
16.65282201141289
16.682012030757768
16.67645548653642
----
[seed 2] -> /home2/eshaan.sharma/Reinforcement-Learning-Project/paper_out/recovering_N10_V3_difftopv_seed2.csv
iteration 1
11.165959939230225
11.111659959146284
11.044662151868993
11.170649636992602
11.50237684709687
12.097074985061429
12.287715411066634
12.993502409162236
13.679648610451359
14.090301710688593
14.043589293164711
14.462199713811424
14.56015970153025
14.823914353717425
14.86090864525359
14.8382554938863
14.933172646307618
14.966315094276721
14.916192319017414
15.086648276941178
15.115934721337808
15.072190810510593
15.038711655888143
15.013920717340033
15.035725869635126
15.254543375748788
15.054838360681883
15.134423979454432
15.095874476505143
15.061108542325025
15.034836725655913
15.109838558502686
15.093040225200514
14.976734878638567
14.914230306725848
14.969068458597025
14.929716451494485
14.948948345155946
14.925491630198458
14.928740949068873
14.950529948493415
15.134433779811298
15.08424555653146
15.006001440689547
15.088801196937377
15.087373735286464
15.050522659634561
15.098119023171499
15.143816335756236
15.143879108082617
15.176266177594876
15.324840992644008
15.271847892475423
15.291450524445624
15.33864380049685
15.358209740020472
15.53086226140404
15.535820870661805
15.657926916127117
15.65533729497671
15.800863756356662
15.696673019471081
15.611092164727452
15.847959840135879
15.695072518597494
15.757271912799183
15.823184583340758
15.893984624380874
15.731151544427735
15.703611338440485
15.731729319673391
15.79737531271124
15.748639837069003
15.758666153315849
15.753199406079741
15.796238144787075
15.786745445368886
15.734791248024042
15.765843086369552
15.722519930371933
15.793817513698018
15.784706358320468
15.7709417617927
15.783819572586003
15.879191437970048
15.87136455159683
15.77379322004343
15.834401861511756
15.807593309900854
15.79182924736694
15.850755688015543
15.803603566253798
15.747753516603554
15.878547052799936
15.78019898053868
15.768654131161165
15.818960610741307
15.841968768890327
15.862389825381497
15.919717059651516
15.815900629713353
15.901747936604679
15.87852532166462
15.892978234617383
15.844409291081769
15.638723631757852
15.893382267491544
15.806178464268262
15.849926600574474
15.718074218484581
----
[seed 3] -> /home2/eshaan.sharma/Reinforcement-Learning-Project/paper_out/recovering_N10_V3_difftopv_seed3.csv
iteration 1
12.816572526027931
12.843204616691189
12.272838626041604
12.39519607616577
12.790904663401946
13.364489396900854
13.69266644783902
13.83840581921341
14.147298408045895
14.593899037763247
14.679487775744958
14.971361509522419
15.4141804139927
15.784756417216775
16.072611089460462
16.340480392383828
16.204204860302873
16.24259521295573
16.17479733074033
16.259509046874026
16.17095552445613
16.149261981654412
16.094359730754878
16.175994183933327
16.164098946505124
16.221457446498462
16.188188267603678
16.145994593643874
16.120825612528556
16.133017730834904
16.078806426688374
16.036819580795697
16.043075047369232
15.948388319418783
15.969445215851357
15.983525062512234
16.11556236448669
16.12392670760573
16.203182470227848
15.977225305488844
15.959768259894684
15.916894985353972
15.825894186806531
15.458485482373284
15.366085691492902
15.325666121590645
15.328959794540424
15.283542155606117
15.30016608550219
15.36118613994179
15.263559529832635
15.36748146455488
15.34629931150339
15.352855844804157
15.393719166240476
15.312694592087139
15.373492414815074
15.398185456036824
15.485803027851082
15.468412932152024
15.60038564714473
15.626326872206409
15.607213770823204
15.667778501240468
15.607293367029735
15.462549261106828
15.473758750225848
15.360181383596034
15.525896865259554
15.433106608263829
15.39925201123539
15.48187938743613
15.707686990710533
15.540418609110807
15.699875139754592
15.538411074248717
15.641938200399107
15.62149121502887
15.697322300747896
15.582035998751003
15.65662420705371
15.638120202100483
15.60378904091129
15.63979014255144
15.71462457881566
15.799477121262516
15.66519843081433
15.692669313943105
15.63133027907444
15.654873424370459
15.690640940510425
15.598312781574345
15.66654182900156
15.624415481207635
15.619587547538249
15.71250528978259
15.564282129289868
15.697205425809003
15.739262953810742
15.738747800037336
15.66187368785374
15.721880634408617
15.666056696562608
15.63980431730102
15.734997955048884
15.717706191022124
15.823876289330707
15.837199237727638
15.874029900544251
15.82918522860611
task 3 done
