==========================================
SLURM_JOB_ID = 2620160
SLURM_NODELIST = gnode090
SLURM_JOB_GPUS = 
==========================================
Host:    gnode090
Job:     2620160 (array task 0)
Env:     line
Config:  N=10 V=3
Beta:    5.0
Steps:   12000 (warmup 1000)
Seeds:   1 2 3  (run sequentially in this task)
----
[seed 1] -> /home2/eshaan.sharma/Reinforcement-Learning-Project/paper_out/line_N10_V3_difftopv_seed1.csv
iteration 1
0.9536883991429446
2.239900010203041
2.7498724619936747
2.972086521783493
3.000594837261504
3.00179777573717
3.0033833282318136
3.0027905315784107
3.004009794918886
3.001189674523008
3.0
3.0001969186817674
3.0056065707580863
3.002202836445261
2.9999989796959494
3.002397714518927
3.0017916539128664
3.001790633608816
3.0019906132027345
3.0031996735027042
2.9999989796959494
3.0035884093459853
3.0011886542189576
3.0037996122844612
3.000601979389858
3.002392612998674
3.0034037343128257
3.0009937761452914
3.0060126517702277
3.0017967554331193
3.0014018977655343
3.0033976124885218
3.0011917151311094
3.0021885521885525
3.0015794306703403
3.001402918069585
3.0037985919804107
3.0014039383736355
3.0017987960412205
3.0013906744209775
3.000594837261504
3.0028017549229675
3.0026089174574024
3.0032017141108054
3.0021956943169066
3.000799918375676
3.001189674523008
3.00238547087032
3.001992653810836
3.001599836751352
3.0031986531986536
3.002600755024998
3.004010815222937
3.002356902356903
3.0086368737883897
2.9999918375675954
3.000799918375676
3.001199877563514
3.0030017345168862
3.0009978573614937
3.0019834710743805
3.002202836445261
3.004012855831038
3.007614529129681
3.001384552596674
3.0036006529945927
3.0011988572594634
3.000599938781757
3.0014018977655343
3.0030007142128357
3.002205897357413
3.0013967962452814
3.001359044995409
3.0054147535965723
3.000592796653403
3.0036118763391495
3.000992755841241
3.00119273543516
3.001799816345271
3.001388633812876
3.0021977349250077
3.0034108764411798
3.0001989592898686
3.003607795122947
3.001201918171615
3.001189674523008
3.0015916743189472
3.002999693908785
3.001399857157433
3.0033843485358642
3.0025987144168966
3.000194878073666
3.000791755943271
3.0032088562391595
3.0044168962350786
3.002205897357413
3.001201918171615
3.00258749107234
3.003179267421692
3.000186715641261
3.0036098357310483
3.001389654116927
3.001197836955413
3.0017896133047652
3.0011988572594634
3.004609733700643
3.0007815529027653
3.001602897663504
3.000601979389858
3.0001969186817674
----
[seed 2] -> /home2/eshaan.sharma/Reinforcement-Learning-Project/paper_out/line_N10_V3_difftopv_seed2.csv
iteration 1
1.162568105295378
2.4351219263340473
2.987644117947149
3.0012039587797164
3.00058769513315
3.0021977349250077
3.0015855524946438
3.000399959187838
3.006010611162127
3.000590756045302
3.002404856647281
3.009424548515458
3.0008039995918785
3.0044036322824206
3.005798387919601
3.0007968574635244
3.001204979083767
3.001804917865524
3.005210692786451
3.0035965717783903
3.0063962860932567
3.000599938781757
3.003799612284461
3.000394857667585
3.0007988980716256
3.003200693806755
3.000195898377717
3.0048005305581067
3.0038006325885114
3.001801856953372
3.0003979185797367
3.0034016937047245
3.0014018977655343
3.0010009182736455
3.004195490256097
3.001395775941231
3.003996530966228
3.0032068156310583
3.0009958167533926
3.002387511478421
3.0011988572594634
3.0040138761350885
3.0016008570554025
3.001964085297419
3.00458830731558
3.00699112335476
2.9999959187837977
3.00280583613917
3.001391694725028
3.0015967758392
3.0019936741148867
3.0021865115804514
3.000797877767575
3.002394653606775
3.0021977349250077
3.000597898173656
3.000597898173656
3.0001969186817674
3.0023885317824717
3.0020018365472914
3.010630547903276
3.0001928374655646
3.0010049994898482
3.0005968778696053
3.000392817059484
3.001184573002755
3.0024038363432304
3.0037883889399044
3.0010009182736455
3.0018059381695745
3.001199877563514
3.003777165595348
3.002002856851342
3.0005856545250484
3.0028037955310687
3.0050168350168356
3.000191817161514
3.002202836445261
3.0004009794918884
3.002800734618917
3.000797877767575
3.0017957351290687
3.0027986940108153
3.000197938985818
3.000797877767575
3.0003907764513826
3.0011968166513623
3.00199979593919
3.0021854912764008
3.001197836955413
3.0007968574635244
3.001397816549332
3.0003907764513826
3.002987450260178
3.0038057341087647
3.001002958881747
3.001389654116927
3.0020008162432408
3.0037832874196515
3.001997755331089
3.0011957963473117
3.0003958779716355
3.0015865727986943
3.0031966125905525
3.0030047954290375
3.0047821650851962
3.000999897969595
3.0025936128966437
3.003004795429038
3.0062187531884508
----
[seed 3] -> /home2/eshaan.sharma/Reinforcement-Learning-Project/paper_out/line_N10_V3_difftopv_seed3.csv
iteration 1
0.6252647689011326
1.8290011223344569
2.3985215794306693
2.3162320171411084
2.2349270482603827
2.2549811243750644
2.1858504234261793
2.3382022242628313
2.7244852566064712
2.9633721048872563
3.0011825323946537
3.00199979593919
3.00218447097235
3.0001907968574635
3.0032017141108054
3.003389450056117
3.004009794918886
3.0001989592898686
3.0007937965513722
3.000786654423018
3.0043689419446995
2.999967350270381
3.0011957963473117
3.0023987348229775
3.001995714722988
3.0006009590858076
3.0007988980716256
3.000994796449342
3.004007754310785
3.0033935312723194
3.0035965717783903
3.0030037751249874
3.0026017753290484
3.0010009182736455
3.0007876747270688
3.004812774206714
3.002202836445261
3.0020008162432408
3.001204979083767
3.001587593102745
3.001002958881747
3.001402918069585
3.002759922456893
3.003207835935109
3.000797877767575
3.0020089786756454
3.0050168350168356
3.002002856851342
3.0026017753290484
3.002192633404755
3.002796653402714
3.0015957555351496
3.003195592286502
3.0017957351290687
3.002401795735129
3.0051913070094893
3.002199775533109
3.004165901438629
3.0
3.003398632792573
3.0027844097541068
3.0024038363432304
3.0039863279257224
3.0019804101622287
3.0032139577594124
3.000590756045302
3.0018008366493216
3.002007958371595
3.000770329558209
3.0037934904601578
3.002609937761453
3.001201918171615
3.0030088766452407
3.0015733088460363
3.0011804917865526
3.0013427201305998
3.0005836139169473
3.001802877257423
3.0009794918885833
3.001379451076421
3.003577186001429
3.0010039791857976
3.001801856953372
3.0009886746250385
3.002199775533109
3.0014039383736355
3.000199979593919
3.0024007754310786
3.0026068768493013
3.0005887154372006
3.0044117947148252
3.0009988776655443
3.0015814712784414
3.002597694112846
3.003402714008775
3.000950923375166
3.002609937761453
3.0012008978675646
3.0008039995918785
3.0001989592898686
3.0020008162432408
3.0016018773594535
3.000999897969595
3.0048015508621573
3.0026058565452507
3.0024058769513315
3.0021905927966537
3.0
3.003587389041935
3.0016018773594535
task 0 done
