==========================================
SLURM_JOB_ID = 2620166
SLURM_NODELIST = gnode090
SLURM_JOB_GPUS = 
==========================================
Host:    gnode090
Job:     2620166 (array task 2)
Env:     line
Config:  N=30 V=6
Beta:    5.0
Steps:   12000 (warmup 1000)
Seeds:   1 2 3  (run sequentially in this task)
----
[seed 1] -> /home2/eshaan.sharma/Reinforcement-Learning-Project/paper_out/line_N30_V6_difftopv_seed1.csv
iteration 1
2.300950923375166
5.046371798796042
5.90608101214162
6.005300479542905
6.003989388837872
6.004374043464951
6.0070033670033665
6.0076114682175294
6.001985511682482
6.003155800428528
6.0
6.00159575553515
6.012025303540453
6.004813794510764
6.000799918375676
6.004601571268238
6.008008366493216
6.0047944087338
6.005610651974288
6.009136822773188
6.000998877665543
6.005580042852771
6.009024589327621
6.011555963677177
6.002407917559429
6.005390266299356
6.008809305172938
6.005019895928988
6.003772064075094
6.0037373737373745
6.0044087338026735
6.014807672686461
6.004407713498622
6.007787980818286
6.007569635751454
6.002793592490563
6.007181920212222
6.003609835731048
6.004191409039895
6.002990511172329
6.004399551066216
6.0052076318742955
6.001583511886542
6.007761452912969
6.009204162840526
6.0046056524844404
6.005008672584429
6.005365779002139
6.002989490868279
6.00579736761555
6.006792164064892
6.006786042240588
6.010227527803286
6.010385674931127
6.008219569431689
6.00641975308642
6.003398632792572
6.005216814610755
6.0043964901540665
6.003207835935109
6.007599224568922
6.006810529537803
6.002582389552086
6.009015406591166
6.0034047546168745
6.0064136312621095
6.002192633404754
6.003404754616875
6.0031955922865015
6.004390368329763
6.0023915926946225
6.002380369350066
6.003153759820427
6.0097367615549455
6.004404652586471
6.0060116314661744
6.005802469135799
6.011019283746556
6.008594021018261
6.005992245689215
6.003392510968269
6.0075961636567685
6.001398836853382
6.00639220487705
6.00499642893582
6.007181920212224
6.002583409856138
6.002970105091317
6.001593714927047
6.006578920518313
6.006975818794
6.00139475563718
6.001980410162227
6.006587082950717
6.0043954698500155
6.001597796143251
6.00137843077237
6.007799204162837
6.005588205285176
6.006196306499334
6.004009794918885
6.008991939598001
6.001590654014896
6.003785328027752
6.004610754004693
6.006383022140597
6.002993572084481
6.002600755024997
6.000395877971636
6.000397918579737
----
[seed 2] -> /home2/eshaan.sharma/Reinforcement-Learning-Project/paper_out/line_N30_V6_difftopv_seed2.csv
iteration 1
2.2509917355371902
4.71855729007244
5.467232935414751
5.542972145699419
5.846189164370986
5.958239975512709
6.001132537496177
6.001196816651362
6.0119753086419765
6.004404652586471
6.007213549637791
6.004990307111517
6.003003775124987
6.0065860626466705
6.00701050913172
6.0046046321803885
6.000799918375676
6.002001836547291
6.008162432404854
6.009781654933171
6.011015202530354
6.003410876441179
6.00737679828589
6.0022048770533605
6.003592490562188
6.0047658402203865
6.000396898275686
6.009196000408119
6.005406591164167
6.004609733700643
6.000198959289869
6.01099581675339
6.0013906744209775
6.003363942454853
6.00598306295276
6.008010407101316
6.003766962554842
6.005398428731759
6.002591572288543
6.003994490358127
6.003568003264973
6.004584226099378
6.004197530864197
6.00418834812774
6.012589531680442
6.006129986736048
6.003597592082441
6.002584430160187
6.003596571778389
6.004769921436589
6.005991225385165
6.0088093051729405
6.002197734925008
6.007398224670953
6.004398530762163
6.0007948168554215
6.002387511478421
6.00179777573717
6.005592286501378
6.004591368227729
6.006591164166923
6.002003877155392
6.004411794714826
6.003167023773085
6.00300989694929
6.010371390674421
6.003194571982451
6.005840220385676
6.002180389756147
6.002996632996632
6.001989592898683
6.012219161310068
6.004012855831038
6.007370676461585
6.004204672992552
6.005615753494539
6.004595449443929
6.008609325579021
6.004615855524946
6.004187327823692
6.0040016324864816
6.003001734516886
6.005574941332517
6.001996735027038
6.003811855933066
6.005401489643912
6.0042046729925485
6.003744515865728
6.004999489847976
6.005403530252015
6.0024058769513315
6.005618814406693
6.003805734108764
6.00799816345271
6.00379961228446
6.000794816855423
6.0096082032445635
6.004602591572287
6.005162738496073
6.004807672686459
6.0040006121824305
6.000985613712886
6.0079930619324555
6.008208346087134
6.005200489745945
6.016195286195287
6.001992653810834
6.006801346801346
6.0063993470054085
6.003380267319662
----
[seed 3] -> /home2/eshaan.sharma/Reinforcement-Learning-Project/paper_out/line_N30_V6_difftopv_seed3.csv
iteration 1
1.6024160799918377
4.035123966942149
5.772388531782469
5.995551474339354
6.002579328639936
6.007578818487909
6.005390266299357
6.009208244056729
6.002797673706763
6.0031302928272625
6.004406693194572
6.003569023569025
6.009017447199267
6.002002856851342
6.005998367513517
6.008383838383839
6.007988980716254
6.001597796143251
6.004560759106213
6.004000612182429
6.007370676461587
6.004407713498622
6.008594021018264
6.00378124681155
6.005811651872258
6.000796857463524
6.001195796347312
6.002175288235894
6.003588409345985
6.003764921946739
6.006602387511477
6.005591266197327
6.002988470564227
6.004405672890522
6.0023783287419645
6.0077726762575265
6.006407509437813
6.00680950923375
6.001202938475664
6.006011631466175
6.004011835526987
6.001188654218957
6.004400571370269
6.007014590347922
6.0049994898479735
6.002196714620957
6.00517600244873
6.003796551372309
6.009198041016224
6.005541271298846
6.005391286603408
6.002189572492602
6.003585348433834
6.005207631874299
6.008011427405368
6.006400367309459
6.0060044893378235
6.009988776655444
5.999990817263544
6.00860626466687
6.009592898683807
6.0047923681257025
6.010989694929087
6.008829711253953
6.003205795327008
6.00238547087032
6.006816651362104
6.002780328537904
6.003389450056115
6.006186103458831
6.002583409856137
6.004002652790532
6.005591266197327
6.008574635241302
6.007620650953985
6.007815529027646
6.0040006121824305
6.005193347617591
6.004374043464951
6.010807060504032
6.006378940924395
6.0011927354351595
6.003805734108763
6.005005611672278
6.003400673400671
6.002787470666259
6.000398938883787
6.002993572084481
6.00499030711152
6.002593612896644
6.0084011835526985
6.001195796347312
6.005593306805427
6.004608713396592
6.003777165595348
6.004164881134578
6.000383634323028
6.003389450056115
6.00240383634323
6.001190694827058
6.002189572492602
6.004804611774305
6.004182226303439
6.00859198041016
6.005983062952761
6.007006427915519
6.003191511070299
6.0
6.00699316396286
6.003603713906744
task 2 done
