==========================================
SLURM_JOB_ID = 2620187
SLURM_NODELIST = gnode090
SLURM_JOB_GPUS = 
==========================================
Host:    gnode090
Job:     2620187 (array task 4)
Env:     recovering
Config:  N=20 V=5
Beta:    5.0
Steps:   12000 (warmup 1000)
Seeds:   1 2 3  (run sequentially in this task)
----
[seed 1] -> /home2/eshaan.sharma/Reinforcement-Learning-Project/paper_out/recovering_N20_V5_difftopv_seed1.csv
iteration 1
22.752541329553093
23.281730287348893
23.27951565046937
23.91083466483695
24.604428399687993
24.861603236731998
25.182278854400028
25.031054493699166
25.45263143234185
25.417560160013814
25.778318594996517
25.844985919233242
26.2663157941994
26.124432260010543
26.57886137019123
26.414085425690086
26.95055371204301
26.851258222607207
27.032603594721476
27.227715268313574
27.29481546587493
27.212425603220698
27.374724568602588
27.42965573580403
27.57953171630502
27.658065882126927
27.523877822217855
27.61546571629215
27.760528476982575
27.7323024751731
27.435952791395966
27.735319490181723
27.575519480754807
27.25377932899258
27.412252554208
27.31229553541289
27.51940104850983
27.539891616298963
27.34489552694452
27.34625897489743
27.305913095909347
27.29240975033537
27.349535947271225
27.155022325611473
27.08207365972398
27.17329610017955
27.053606645988776
27.202441732132407
27.211306650615974
27.251863003871367
27.15071612262715
27.232870588575924
27.211585259818317
27.27118536192024
27.368215887865908
27.319598464844127
27.296516702865773
27.439431597607133
27.338600321157866
27.39383415966648
27.391307778756023
27.381656417731374
27.551137895375714
27.446387734809033
27.531001834333125
27.46357221616561
27.623696416657495
27.62603736056251
27.642610007442364
27.64791037360917
27.65364234007713
27.697627347897797
27.807388617936095
27.788758041821954
27.678349326012935
27.720551651705104
27.74667095469987
27.76382613105898
27.710077205021253
27.78262932994858
27.884921561310524
27.839360058434746
27.946922984962455
28.0749196561953
28.079451355775713
28.056820489965947
28.07247826196627
28.013825315420917
28.01545100555213
28.030599996751242
27.885990401275713
27.953010743931696
27.920393739338593
27.872186253910193
27.861790528546685
28.019944251022665
27.934213635358933
27.90649796533684
27.954910000038147
28.225852592984385
28.047604698130844
28.07159825227349
28.289887275752776
28.133896152585713
28.16340683627581
28.203688001059767
28.108109509827074
28.17763191726843
28.155651445782702
28.222431555726562
----
[seed 2] -> /home2/eshaan.sharma/Reinforcement-Learning-Project/paper_out/recovering_N20_V5_difftopv_seed2.csv
iteration 1
21.489012293653147
20.828648318847772
19.933540800660975
20.660427732183976
21.957290474290307
22.79213943844106
23.48356084457836
24.517300310502854
24.91267225799512
24.907531994031384
24.47180396475764
24.243728694163917
24.46836165118352
25.21546385760248
25.1997168476672
25.42013431484447
25.506096501441135
25.68005073521085
25.841454320246168
25.94601199941961
26.05876161742044
25.83676345874178
25.998541659809476
25.960089119710247
25.927465185103824
26.179428233517662
26.003313105788887
26.0519681283464
26.057716342745966
26.18159100483945
25.9465751661766
26.20459917650084
26.283583803164138
26.142125706558627
25.957603012760902
26.070345828472178
26.15617225365428
26.16825831251275
26.260127225680932
26.064936521643094
26.16502210446921
26.1529759048804
26.068091803709144
25.898218610906994
25.909347068860175
25.885381550145556
25.649800886797888
25.82500880060378
25.7403490294967
25.866858515468603
25.87986976729147
25.709052284871973
25.735393072013764
25.975744386236443
26.050195306866428
25.812560531697503
25.817319240114475
25.866222933998557
26.121394109806687
26.0754062398758
25.96490986337257
25.672457428915262
25.586028907755303
25.822425360700564
25.95650455248568
25.865113768988355
26.109030361349642
26.09351666546123
26.144065741724447
26.080837088641736
26.14163693754542
26.300043352464826
26.290890584206945
26.439839194978937
26.38244228756806
26.455941448659228
26.870475018136176
26.659565530632378
26.78250229961955
26.860176855518684
26.94272380941005
26.9829023664846
27.14455712819543
27.02978888142501
27.17315104376517
27.23252602636636
27.333717681469647
27.246185516800384
27.393286778149932
27.446437112650532
27.534573103422513
27.698142766945665
27.701592455333508
27.812260490299114
27.689141651744322
27.699695081095744
27.733385218155902
27.767734895468212
27.600167303957505
27.935092366473047
27.817740705123356
27.86339248222318
27.996629353938893
27.844512383761945
27.876695770129412
27.72741244034661
27.949134392917514
27.94822525857736
27.841530009626425
28.081049042267317
----
[seed 3] -> /home2/eshaan.sharma/Reinforcement-Learning-Project/paper_out/recovering_N20_V5_difftopv_seed3.csv
iteration 1
22.04086076587107
21.86405756918686
22.511084957575644
23.36616644751343
23.808876797705057
24.275348599845056
24.135862043468165
24.29470128944518
24.145530225648336
24.423343827462414
24.615843681502145
24.40299579985094
24.543786453662776
24.762954308135114
25.277603300521445
25.30650239868409
25.54597805406348
25.43440826303083
25.83016969666263
25.836528124157088
25.946638263749975
26.01528688264192
26.10289141520122
26.12154936135053
26.262933944332893
26.161603903017372
25.94658095394454
25.915852998660466
26.05286319535604
25.90132126754812
25.96533343685106
25.798154872182582
26.070769421732834
26.00145059613512
26.037211822932463
26.13246214487226
26.038729462236677
26.234020065669792
26.064362800623986
25.66098588688017
25.699538361115238
25.700865220586977
25.762975750397676
25.74696174400635
25.976588641616672
25.95893168161795
26.132847961931624
25.87852271508091
26.291291600482385
26.043817522982977
26.22122445417657
26.05755238989942
26.27351606272787
26.214831838108235
26.675663528153105
26.226080689642448
26.130850564412473
26.12224000913316
26.03553230437818
26.238990264193696
26.325307181951008
26.191587033576702
26.390040611030095
26.20947256087785
26.479003308893013
26.343070320468563
26.394406134397265
26.362296638756703
26.561378701794226
26.412108912784756
26.427208962911905
26.447743931215147
26.399980986125296
26.771644899919725
26.710224371810085
26.810097082980196
26.73863603450051
26.771202836210886
26.886820523427026
26.83451567320869
27.18501759224153
26.970683088923362
27.173889886326503
27.16223191468557
27.095226323522617
27.176827668794513
27.20258616652963
27.321743332808122
27.366937288703937
27.38841988420031
27.27721230610186
27.31941191692762
27.176480414966832
27.39063666409751
27.314288478405018
27.463600039200287
27.483483217701664
27.422292971190895
27.64050434045568
27.50040751792956
27.601093825564753
27.563557254608202
27.776028076243737
27.629781422388408
27.884978974727254
27.659172810565494
27.74493325471406
27.698596160163603
27.84168541229953
27.689328755415072
task 4 done
