==========================================
SLURM_JOB_ID = 2620161
SLURM_NODELIST = gnode090
SLURM_JOB_GPUS = 
==========================================
Host:    gnode090
Job:     2620161 (array task 1)
Env:     line
Config:  N=20 V=5
Beta:    5.0
Steps:   12000 (warmup 1000)
Seeds:   1 2 3  (run sequentially in this task)
----
[seed 1] -> /home2/eshaan.sharma/Reinforcement-Learning-Project/paper_out/line_N20_V5_difftopv_seed1.csv
iteration 1
1.9075165799408227
3.8236710539740835
4.660856035098461
4.91987858381798
4.999769411284565
5.004174063871035
5.002783389450056
5.004192429343945
5.002198755229059
5.00194776043261
5.0
5.0016018773594535
5.008593000714214
5.0017865523926135
5.000800938679727
5.006008570554026
5.004399551066218
5.003789409243955
5.002605856545251
5.005994286297318
5.001607999183757
5.007802265074993
5.001795735129068
5.003167023773085
5.000598918477706
5.005001530456076
5.009810223446588
5.003403734312825
5.003778185899398
5.0075859606162645
5.001185593306806
5.005113763901643
5.003611876339149
5.005182124273033
5.003585348433834
5.002788490970309
5.00477298234874
5.002198755229059
5.002583409856137
5.004608713396593
5.000188756249362
5.0058065503520055
5.002396694214877
5.007390062238548
5.010229568411387
5.001586572798694
5.003408835833078
5.009818385878992
5.00377920620345
5.003001734516887
5.00520865217835
5.004988266503418
5.006787062544639
5.006383022140599
5.002396694214877
5.001603917967555
5.004407713498623
5.004203652688502
5.00277318640955
5.0028007346189165
5.004589327619631
5.002196714620958
5.005403530252016
5.003004795429038
5.00480563207836
5.005204570962147
5.00099071523314
5.001400877461483
5.0026027956330985
5.005409652076319
5.005216814610755
5.003178247117642
5.0039618406285085
5.0033690439751055
5.0015896337108465
5.002390572390572
5.0033935312723194
5.002586470768289
5.005003571064178
5.005202530354046
5.003403734312825
5.004959697990002
5.000600959085808
5.002984389348026
5.002594633200694
5.011017243138457
5.00341087644118
5.006589123558822
5.004206713600653
5.005383124171003
5.005008672584431
5.001201918171615
5.000790735639221
5.004598510356087
5.003402714008775
5.001993674114886
5.001392715029079
5.003984287317621
5.008593000714213
5.0053963881236605
5.001997755331089
5.006195286195287
5.001804917865524
5.007014590347924
5.001594735231099
5.006612590551985
5.001789613304765
5.002200795837159
5.001805938169575
5.000600959085808
----
[seed 2] -> /home2/eshaan.sharma/Reinforcement-Learning-Project/paper_out/line_N20_V5_difftopv_seed2.csv
iteration 1
1.4103030303030304
2.9837720640750938
4.212960922354862
4.709159269462299
4.943421079481686
5.001071319253139
5.004607693092542
5.001203958779716
5.006749311294767
5.003406795224977
5.004406693194571
5.006777879808184
5.002190592796654
5.00519334761759
5.005803489439853
5.002997653300684
5.001204979083767
5.001388633812876
5.005200489745945
5.00801550862157
5.007198245077033
5.00361391694725
5.005997347209469
5.001806958473625
5.003199673502704
5.005407611468218
5.000999897969595
5.0070074482195706
5.006009590858076
5.0028007346189165
5.000595857565554
5.006599326599327
5.001794714825018
5.002563003775125
5.005395367819611
5.004401591674319
5.006206509539844
5.005200489745945
5.004397510458117
5.002799714314866
5.004183246607489
5.003807774716866
5.002399755127028
5.003786348331803
5.008385878991941
5.004913784307725
5.0024058769513315
5.001980410162229
5.005215794306704
5.008422609937762
5.0039995918783795
5.004793388429753
5.002994592388532
5.007789001122335
5.004813794510764
5.001602897663504
5.001794714825018
5.001201918171615
5.005204570962147
5.002790531578411
5.004380165289257
5.002404856647281
5.000796857463524
5.002995612692583
5.001199877563514
5.002355882052853
5.002809917355372
5.004196510560147
5.005607591062137
5.001188654218957
5.002807876747271
5.0072829303132345
5.001185593306806
5.0015763697581885
5.003605754514846
5.004811753902663
5.002191613100704
5.000582593612897
5.001598816447301
5.003199673502704
5.002992551780431
5.0019844913784315
5.004403632282421
5.000793796551372
5.002196714620958
5.002601775329048
5.003601673298643
5.002319151107031
5.0028017549229675
5.001978369554127
5.00199979593919
5.004197530864198
5.001796755433119
5.007987960412204
5.00961228446077
5.001602897663504
5.004798489950006
5.0029996939087855
5.009791857973677
5.00641873278237
5.004806652382411
5.001392715029079
5.006199367411488
5.00599938781757
5.004376084073055
5.010827466585043
5.001396796245281
5.006398326701357
5.005401489643914
5.005187225793287
----
[seed 3] -> /home2/eshaan.sharma/Reinforcement-Learning-Project/paper_out/line_N20_V5_difftopv_seed3.csv
iteration 1
1.9657473727170705
4.241494745434139
4.834355677992042
4.983229262320169
5.003990409141925
5.003795531068259
5.003790429548006
5.008183858789921
5.003787368635854
5.006597285991226
5.003191511070299
5.004816855422916
5.005554535251505
5.002006938067544
5.006190184675034
5.005790225487196
5.00477196204469
5.000601979389859
5.0035782063054794
5.003174165901439
5.004660748903174
5.008635853484339
5.010194878073667
5.002794612794613
5.003598612386492
5.000795837159473
5.0011937557392105
5.002583409856138
5.004403632282421
5.004374043464953
5.004997449239874
5.003178247117642
5.004192429343945
5.001190694827058
5.0015875931027445
5.0079951025405585
5.0025772880318335
5.00179777573717
5.000197938985818
5.002794612794613
5.001186613610856
5.0026027956330985
5.006203448627692
5.005603509845935
5.002189572492603
5.002584430160188
5.004597490052036
5.007417610447914
5.005735129068463
5.0035792266095305
5.005402509947965
5.001801856953373
5.0079951025405585
5.00238649117437
5.002778287929804
5.0086276910519345
5.007821650851954
5.004798489950005
4.999998979695949
5.002995612692583
5.004774002652791
5.00499030711152
5.004969901030508
5.003397612488522
5.002195694316907
5.00199979593919
5.00179777573717
5.00420059177635
5.0025905519844915
5.00519130700949
5.0048046117743095
5.003390470360168
5.003006836037139
5.004584226099379
5.003605754514846
5.005779002142639
5.004009794918886
5.002795633098664
5.004614835220896
5.004589327619631
5.0072166105499445
5.000399959187838
5.001591674318948
5.002198755229058
5.002599734720947
5.002191613100704
5.000393837363535
5.004201612080401
5.003392510968269
5.0031955922865015
5.007173757779819
5.0014039383736355
5.004599530660137
5.006197326803388
5.003404754616876
5.0041995714722995
5.002802775227018
5.001598816447301
5.000594837261504
5.000398938883787
5.002400775431079
5.003583307825733
5.002382409958168
5.008398122640547
5.006822773186411
5.002780328537905
5.002995612692583
5.0
5.00500765228038
5.002797673706765
task 1 done
