==========================================
SLURM_JOB_ID = 2620177
SLURM_NODELIST = gnode090
SLURM_JOB_GPUS = 
==========================================
Host:    gnode090
Job:     2620177 (array task 0)
Env:     line
Steps:   12000 (warmup 1000)
========================================
[config] N=10 V=3
[config] pretrain dir: /home2/eshaan.sharma/Reinforcement-Learning-Project/RMAB/neurwin_training_results/arms_10_activate_3
[pretrain] training 10 arms (seed 87452) ...
starting training
finished episode: 1
finished episode: 2
finished episode: 3
finished episode: 4
finished episode: 5
performing batch gradient step
